
# A fatal error has been detected by the Java Runtime Environment:
#
#  EXCEPTION_ACCESS_VIOLATION (0xc0000005) at pc=0x00007ffbf2678427, pid=17788, tid=12772
#
# JRE version: OpenJDK Runtime Environment Temurin-23.0.2+7 (23.0.2+7) (build 23.0.2+7)
# Java VM: OpenJDK 64-Bit Server VM Temurin-23.0.2+7 (23.0.2+7, mixed mode, sharing, tiered, compressed oops, compressed class ptrs, g1 gc, windows-amd64)
# Problematic frame:
# C  [glass.dll+0x28427]
#
# No core dump will be written. Minidumps are not enabled by default on client versions of Windows
#
# If you would like to submit a bug report, please visit:
#   https://github.com/adoptium/adoptium-support/issues
#

---------------  S U M M A R Y ------------

Command Line: --module-path=C:\Users\Gabin\Downloads\openjfx-23.0.2_windows-x64_bin-sdk\javafx-sdk-23.0.2\lib --add-modules=javafx.controls,javafx.fxml -Dfile.encoding=UTF-8 -Dstdout.encoding=UTF-8 -Dstderr.encoding=UTF-8 -XX:+ShowCodeDetailsInExceptionMessages application.Main

Host: 13th Gen Intel(R) Core(TM) i7-1355U, 12 cores, 15G,  Windows 11 , 64 bit Build 26100 (10.0.26100.3624)
Time: Mon Mar 31 12:10:30 2025 Paris, Madrid (heure duild 26100 (10.0.26100.3624) elapsed time: 23.832767 seconds (0d 0h 0m 23s)

---------------  T H R E A D  ---------------

Current thread (0x00000197c5f25200):  VMThread "VM Thread"          [id=12772, stack(0x00000036e4b00000,0x00000036e4c00000) (1024K)]

Stack: [0x00000036e4b00000,0x00000036e4c00000],  sp=0x00000036e4bff030,  free space=1020k
Native frames: (J=compiled Java code, j=interpreted, Vv=VM code, C=native code)
C  [glass.dll+0x28427]  (no source info available)
C  [ucrtbase.dll+0x4bc75]  (no source info available)
C  [ucrtbase.dll+0x4b897]  (no source info available)
C  [ucrtbase.dll+0x4b84d]  (no source info available)
C  [glass.dll+0x25bbd]  (no source info available)
C  [glass.dll+0x25ce2]  (no source info available)
C  [ntdll.dll+0x38830]  (no source info available)
C  [ntdll.dll+0xb24f0]  (no source info available)
C  [ntdll.dll+0xb16b4]  (no source info available)
C  [KERNEL32.DLL+0x418ab]  (no source info available)
C  [ucrtbase.dll+0xa0093]  (no source info available)
V  [jvm.dll+0x6e203c]  (no source info available)
V  [jvm.dll+0x6e1b70]  (no source info available)
V  [jvm.dll+0x3e0e14]  (no source info available)
V  [jvm.dll+0x8e209f]  (no source info available)
V  [jvm.dll+0x8e33b6]  (no source info available)
V  [jvm.dll+0x8e38e8]  (no source info available)
V  [jvm.dll+0x8e3b83]  (no source info available)
V  [jvm.dll+0x88062b]  (no source info available)
V  [jvm.dll+0x6e77b5]  (no source info available)
C  [ucrtbase.dll+0x37b0]  (no source info available)
C  [KERNEL32.DLL+0x2e8d7]  (no source info available)
C  [ntdll.dll+0xb14fc]  (no source info available)


siginfo: EXCEPTION_ACCESS_VIOLATION (0xc0000005), reading address 0x0000000000000000


Registers:
RAX=0x0000000000000000, RBX=0x00000197c5f32442, RCX=0x00000197c5f25200, RDX=0x00000036e4bff030
RSP=0x00000036e4bff030, RBP=0x0000e805d8aba710, RSI=0x000001980b85b4a8, RDI=0x000001980b85b480
R8 =0x0000000000010002, R9 =0x0000e805d8aba710, R10=0x00000197a8bc0000, R11=0x00000036e4bff118
R12=0x0000000000000001, R13=0x000000007ffe0385, R14=0x00000036e4bff138, R15=0x000001980b85b480
RIP=0x00007ffbf2678427, EFLAGS=0x0000000000010206


Register to memory mapping:

RAX=0x0 is null
RBX=0x00000197c5f32442 is a global jni handle
RCX=0x00000197c5f25200 points into unknown readable memory: 0x00007ffb8bf66430 | 30 64 f6 8b fb 7f 00 00
RDX=0x00000036e4bff030 points into unknown readable memory: 0x0000000000000000 | 00 00 00 00 00 00 00 00
RSP=0x00000036e4bff030 points into unknown readable memory: 0x0000000000000000 | 00 00 00 00 00 00 00 00
RBP=0x0000e805d8aba710 is an unknown value
RSI=0x000001980b85b4a8 points into unknown readable memory: 0x0000e805d8aba710 | 10 a7 ab d8 05 e8 00 00
RDI=0x000001980b85b480 points into unknown readable memory: 0x7ffb1a6280e3a710 | 10 a7 e3 80 62 1a fb 7f
R8 =0x0000000000010002 is an unknown value
R9 =0x0000e805d8aba710 is an unknown value
R10=0x00000197a8bc0000 points into unknown readable memory: 0x0000000000000000 | 00 00 00 00 00 00 00 00
R11=0x00000036e4bff118 points into unknown readable memory: 0x00007ffbf2675bbd | bd 5b 67 f2 fb 7f 00 00
R12=0x0000000000000001 is an unknown value
R13=0x000000007ffe0385 points into unknown readable memory: 00 00 00
R14=0x00000036e4bff138 points into unknown readable memory: 0x00000036e4bff120 | 20 f1 bf e4 36 00 00 00
R15=0x000001980b85b480 points into unknown readable memory: 0x7ffb1a6280e3a710 | 10 a7 e3 80 62 1a fb 7f

Top of Stack: (sp=0x00000036e4bff030)
0x00000036e4bff030:   0000000000000000 0000019800000000
0x00000036e4bff040:   000001980c7f7210 0000000000000001
0x00000036e4bff050:   000001980b85b488 00007ffc0dc2bc75
0x00000036e4bff060:   000001980b85b480 0000019800000000
0x00000036e4bff070:   000001980b85b4a0 0000e805d8aba710
0x00000036e4bff080:   fffffffffffffffe 00007ffc0e5389cb
0x00000036e4bff090:   00007ffbf2650000 00007ffbf2650000
0x00000036e4bff0a0:   00000036e4bff128 00007ffc0dc2b897
0x00000036e4bff0b0:   00000036e4bff100 00000036e4bff138
0x00000036e4bff0c0:   00000036e4bff660 00007ffc0dd188c0
0x00000036e4bff0d0:   0000000000000001 00007ffc0dc2b84d
0x00000036e4bff0e0:   0000000000000000 0000000000000001
0x00000036e4bff0f0:   0000000000000001 00000036e4bff128
0x00000036e4bff100:   fffffffffffffffe 000000007ffe0384
0x00000036e4bff110:   0000000000000000 00007ffbf2675bbd
0x00000036e4bff120:   00007ffbf268d078 00007ffb00000002
0x00000036e4bff130:   0000000000000002 00000036e4bff120
0x00000036e4bff140:   00007ffbfeb60000 00007ffc0d265d97
0x00000036e4bff150:   0000000000000000 00007ffbf2675ce2
0x00000036e4bff160:   0000000000000001 0000000000000000
0x00000036e4bff170:   0000000000000001 00007ffc0d268ed1
0x00000036e4bff180:   00007ffc0d260000 00000036e4bff660
0x00000036e4bff190:   0000000000000001 00007ffc0d260000
0x00000036e4bff1a0:   0000000000000000 0000000000000001
0x00000036e4bff1b0:   00007ffbf2675d30 00007ffc10a38830
0x00000036e4bff1c0:   00007ffbf2650000 00007ffb00000000
0x00000036e4bff1d0:   0000000000000001 000000007ffe0384
0x00000036e4bff1e0:   000000000000008d 0000000000000000
0x00000036e4bff1f0:   0000000000000000 0000000000000000
0x00000036e4bff200:   00007ffbf2650000 fffffc8200000000
0x00000036e4bff210:   00000000000000ba 0000000000000000
0x00000036e4bff220:   0000000000000000 00000197a8fa6570 

Instructions: (pc=0x00007ffbf2678427)
0x00007ffbf2678327:   8b 4d 58 e8 49 cf ff ff 48 8b 4d 60 e8 40 cf ff
0x00007ffbf2678337:   ff 48 8b 95 80 00 00 00 48 8b 8d 18 01 00 00 e8
0x00007ffbf2678347:   26 c5 ff ff 33 d2 33 c9 e8 8c e1 ff ff 90 48 89
0x00007ffbf2678357:   54 24 10 55 48 83 ec 20 48 8b ea 48 b8 00 00 00
0x00007ffbf2678367:   00 00 00 00 00 48 83 c4 20 5d c3 cc 40 55 48 8b
0x00007ffbf2678377:   ea 48 8b 01 33 c9 81 38 05 00 00 c0 0f 94 c1 8b
0x00007ffbf2678387:   c1 5d c3 cc 40 55 48 83 ec 20 48 8b ea 8a 4d 40
0x00007ffbf2678397:   48 83 c4 20 5d e9 33 d3 ff ff cc 40 55 48 83 ec
0x00007ffbf26783a7:   20 48 8b ea 8a 4d 20 e8 21 d3 ff ff 90 48 83 c4
0x00007ffbf26783b7:   20 5d c3 cc 40 55 48 83 ec 20 48 8b ea 48 83 c4
0x00007ffbf26783c7:   20 5d e9 82 d1 ff ff cc 40 55 48 83 ec 30 48 8b
0x00007ffbf26783d7:   ea 48 8b 01 8b 10 48 89 4c 24 28 89 54 24 20 4c
0x00007ffbf26783e7:   8d 0d 23 d6 ff ff 4c 8b 45 70 8b 55 68 48 8b 4d
0x00007ffbf26783f7:   60 e8 c3 d0 ff ff 90 48 83 c4 30 5d c3 cc cc cc
0x00007ffbf2678407:   cc cc cc cc cc cc cc cc cc 40 53 48 83 ec 20 48
0x00007ffbf2678417:   8b 1d 1b 46 01 00 48 85 db 74 16 e8 59 90 ff ff
0x00007ffbf2678427:   4c 8b 00 48 8b d3 48 8b c8 41 ff 90 b0 00 00 00
0x00007ffbf2678437:   90 48 83 c4 20 5b c3 cc cc 40 53 48 83 ec 20 48
0x00007ffbf2678447:   8b 1d 5b 47 01 00 48 85 db 74 57 b8 ff ff ff ff
0x00007ffbf2678457:   f0 0f c1 43 10 83 f8 01 75 3d 48 85 db 74 38 48
0x00007ffbf2678467:   8b 0b 48 85 c9 74 0d ff 15 3c 0e 00 00 48 c7 03
0x00007ffbf2678477:   00 00 00 00 48 8b 4b 08 48 85 c9 74 0d e8 ef cd
0x00007ffbf2678487:   ff ff 48 c7 43 08 00 00 00 00 ba 18 00 00 00 48
0x00007ffbf2678497:   8b cb e8 da cd ff ff 48 c7 05 ff 46 01 00 00 00
0x00007ffbf26784a7:   00 00 48 83 c4 20 5b c3 cc 40 53 48 83 ec 20 48
0x00007ffbf26784b7:   8b 1d cb 46 01 00 48 85 db 74 57 b8 ff ff ff ff
0x00007ffbf26784c7:   f0 0f c1 43 10 83 f8 01 75 3d 48 85 db 74 38 48
0x00007ffbf26784d7:   8b 0b 48 85 c9 74 0d ff 15 cc 0d 00 00 48 c7 03
0x00007ffbf26784e7:   00 00 00 00 48 8b 4b 08 48 85 c9 74 0d e8 7f cd
0x00007ffbf26784f7:   ff ff 48 c7 43 08 00 00 00 00 ba 18 00 00 00 48
0x00007ffbf2678507:   8b cb e8 6a cd ff ff 48 c7 05 6f 46 01 00 00 00
0x00007ffbf2678517:   00 00 48 83 c4 20 5b c3 cc 40 53 48 83 ec 20 48 


Stack slot to memory mapping:

stack at sp + 0 slots: 0x0 is null
stack at sp + 1 slots: 0x0000019800000000 is an unknown value
stack at sp + 2 slots: 0x000001980c7f7210 points into unknown readable memory: 0x000001980c7f7510 | 10 75 7f 0c 98 01 00 00
stack at sp + 3 slots: 0x0000000000000001 is an unknown value
stack at sp + 4 slots: 0x000001980b85b488 points into unknown readable memory: 0x0000e805d8aba710 | 10 a7 ab d8 05 e8 00 00
stack at sp + 5 slots: 0x00007ffc0dc2bc75 ucrtbase.dll
stack at sp + 6 slots: 0x000001980b85b480 points into unknown readable memory: 0x7ffb1a6280e3a710 | 10 a7 e3 80 62 1a fb 7f
stack at sp + 7 slots: 0x0000019800000000 is an unknown value

VM_Operation (0x00000036e5afacd0): Exit, mode: safepoint, requested by thread 0x000001980b790ed0


---------------  P R O C E S S  ---------------

Threads class SMR info:
_java_thread_list=0x0000019815fe82a0, length=17, elements={
0x00000197a8c61880, 0x00000197c5f40390, 0x00000197c5f40c00, 0x00000197c5f458c0,
0x00000197c5f465c0, 0x00000197c5f55ab0, 0x00000197c5f56e40, 0x00000197c5f635f0,
0x00000197c5f654c0, 0x000001980b0d8cb0, 0x000001980bff9a30, 0x000001980bf45560,
0x000001980c7e8a60, 0x000001980b790ed0, 0x000001980caa4660, 0x000001980cb20220,
0x00000198166bf2a0
}

Java Threads: ( => current thread )
  0x00000197a8c61880 JavaThread "main"                              [_thread_blocked, id=11048, stack(0x00000036e4400000,0x00000036e4500000) (1024K)]
  0x00000197c5f40390 JavaThread "Reference Handler"          daemon [_thread_blocked, id=16772, stack(0x00000036e4c00000,0x00000036e4d00000) (1024K)]
  0x00000197c5f40c00 JavaThread "Finalizer"                  daemon [_thread_blocked, id=964, stack(0x00000036e4d00000,0x00000036e4e00000) (1024K)]
  0x00000197c5f458c0 JavaThread "Signal Dispatcher"          daemon [_thread_blocked, id=20780, stack(0x00000036e4e00000,0x00000036e4f00000) (1024K)]
  0x00000197c5f465c0 JavaThread "Attach Listener"            daemon [_thread_blocked, id=14216, stack(0x00000036e4f00000,0x00000036e5000000) (1024K)]
  0x00000197c5f55ab0 JavaThread "Service Thread"             daemon [_thread_blocked, id=22428, stack(0x00000036e5000000,0x00000036e5100000) (1024K)]
  0x00000197c5f56e40 JavaThread "Monitor Deflation Thread"   daemon [_thread_blocked, id=18212, stack(0x00000036e5100000,0x00000036e5200000) (1024K)]
  0x00000197c5f635f0 JavaThread "C2 CompilerThread0"         daemon [_thread_blocked, id=9008, stack(0x00000036e5200000,0x00000036e5300000) (1024K)]
  0x00000197c5f654c0 JavaThread "C1 CompilerThread0"         daemon [_thread_blocked, id=17288, stack(0x00000036e5300000,0x00000036e5400000) (1024K)]
  0x000001980b0d8cb0 JavaThread "Common-Cleaner"             daemon [_thread_blocked, id=19300, stack(0x00000036e5400000,0x00000036e5500000) (1024K)]
  0x000001980bff9a30 JavaThread "Notification Thread"        daemon [_thread_blocked, id=6204, stack(0x00000036e5700000,0x00000036e5800000) (1024K)]
  0x000001980bf45560 JavaThread "QuantumRenderer-0"          daemon [_thread_blocked, id=13264, stack(0x00000036e5800000,0x00000036e5900000) (1024K)]
  0x000001980c7e8a60 JavaThread "InvokeLaterDispatcher"      daemon [_thread_blocked, id=17156, stack(0x00000036e5900000,0x00000036e5a00000) (1024K)]
  0x000001980b790ed0 JavaThread "JavaFX Application Thread"         [_thread_blocked, id=15924, stack(0x00000036e5a00000,0x00000036e5b00000) (1024K)]
  0x000001980caa4660 JavaThread "JavaFX-Launcher"                   [_thread_blocked, id=6240, stack(0x00000036e6b00000,0x00000036e6c00000) (1024K)]
  0x000001980cb20220 JavaThread "Thread-2"                   daemon [_thread_in_native, id=1544, stack(0x00000036e6a00000,0x00000036e6b00000) (1024K)]
  0x00000198166bf2a0 JavaThread "Prism Font Disposer"        daemon [_thread_blocked, id=22348, stack(0x00000036e5500000,0x00000036e5600000) (1024K)]
Total: 17

Other Threads:
=>0x00000197c5f25200 VMThread "VM Thread"                           [id=12772, stack(0x00000036e4b00000,0x00000036e4c00000) (1024K)]
  0x00000197ab224ef0 WorkerThread "GC Thread#0"                     [id=20664, stack(0x00000036e4500000,0x00000036e4600000) (1024K)]
  0x000001980cbb8030 WorkerThread "GC Thread#1"                     [id=19552, stack(0x00000036e6c00000,0x00000036e6d00000) (1024K)]
  0x000001980cbb83e0 WorkerThread "GC Thread#2"                     [id=6676, stack(0x00000036e6d00000,0x00000036e6e00000) (1024K)]
  0x000001980cbb8790 WorkerThread "GC Thread#3"                     [id=3756, stack(0x00000036e6e00000,0x00000036e6f00000) (1024K)]
  0x000001980cbb8b40 WorkerThread "GC Thread#4"                     [id=2600, stack(0x00000036e6f00000,0x00000036e7000000) (1024K)]
  0x000001980cbb8ef0 WorkerThread "GC Thread#5"                     [id=22156, stack(0x00000036e7000000,0x00000036e7100000) (1024K)]
  0x0000019815f68d90 WorkerThread "GC Thread#6"                     [id=21068, stack(0x00000036e7100000,0x00000036e7200000) (1024K)]
  0x0000019815f67b20 WorkerThread "GC Thread#7"                     [id=2308, stack(0x00000036e7200000,0x00000036e7300000) (1024K)]
  0x0000019815f67ed0 WorkerThread "GC Thread#8"                     [id=22016, stack(0x00000036e7300000,0x00000036e7400000) (1024K)]
  0x00000197ab239b50 ConcurrentGCThread "G1 Main Marker"            terminated
  0x00000197ab23c9d0 WorkerThread "G1 Conc#0"                       [id=8356, stack(0x00000036e4700000,0x00000036e4800000) (1024K)]
  0x00000197ab27e410 ConcurrentGCThread "G1 Refine#0"               terminated
  0x00000197ab27ea40 ConcurrentGCThread "G1 Service"                terminated
Total: 14

Threads with active compile tasks:
C1 CompilerThread0  24016 2945   !   3       java.lang.invoke.AbstractValidatingLambdaMetafactory::<init> (559 bytes)
Total: 1

VM state: at safepoint (shutting down)

VM Mutex/Monitor currently owned by a thread:  ([mutex/lock_event])
[0x00007ffb8c14cce8] Threads_lock - owner thread: 0x00000197c5f25200
[0x00007ffb8c14cde8] Heap_lock - owner thread: 0x000001980b790ed0

Heap address: 0x0000000704c00000, size: 4020 MB, Compressed Oops mode: Zero based, Oop shift amount: 3

CDS archive(s) mapped at: [0x00000197c6000000-0x00000197c6d70000-0x00000197c6d70000), size 14090240, SharedBaseAddress: 0x00000197c6000000, ArchiveRelocationMode: 1.
Compressed class space mapped at: 0x00000197c7000000-0x0000019807000000, reserved size: 1073741824
Narrow klass base: 0x00000197c6000000, Narrow klass shift: 0, Narrow klass range: 0x41000000

GC Precious Log:
 CardTable entry size: 512
 Card Set container configuration: InlinePtr #cards 4 size 8 Array Of Cards #cards 16 size 48 Howl #buckets 8 coarsen threshold 3686 Howl Bitmap #cards 512 size 80 coarsen threshold 460 Card regions per heap region 1 cards per card region 4096
 CPUs: 12 total, 12 available
 Memory: 16075M
 Large Page Support: Disabled
 NUMA Support: Disabled
 Compressed Oops: Enabled (Zero based)
 Heap Region Size: 2M
 Heap Min Capacity: 8M
 Heap Initial Capacity: 252M
 Heap Max Capacity: 4020M
 Pre-touch: Disabled
 Parallel Workers: 10
 Concurrent Workers: 3
 Concurrent Refinement Workers: 10
 Periodic GC: Disabled

Heap:
 garbage-first heap   total reserved 4116480K, committed 258048K, used 83571K [0x0000000704c00000, 0x0000000800000000)
  region size 2048K, 20 young (40960K), 2 survivors (4096K)
 Metaspace       used 14884K, committed 15232K, reserved 1114112K
  class space    used 2099K, committed 2240K, reserved 1048576K

Heap Regions: E=young(eden), S=young(survivor), O=old, HS=humongous(starts), HC=humongous(continues), CS=collection set, F=free, TAMS=top-at-mark-start, PB=parsable bottom
|   0|0x0000000704c00000, 0x0000000704e00000, 0x0000000704e00000|100%|HS|  |TAMS 0x0000000704c00000| PB 0x0000000704c00000| Complete |  0
|   1|0x0000000704e00000, 0x0000000705000000, 0x0000000705000000|100%|HS|  |TAMS 0x0000000704e00000| PB 0x0000000704e00000| Complete |  0
|   2|0x0000000705000000, 0x0000000705200000, 0x0000000705200000|100%|HC|  |TAMS 0x0000000705000000| PB 0x0000000705000000| Complete |  0
|   3|0x0000000705200000, 0x0000000705400000, 0x0000000705400000|100%|HS|  |TAMS 0x0000000705200000| PB 0x0000000705200000| Complete |  0
|   4|0x0000000705400000, 0x0000000705600000, 0x0000000705600000|100%|HC|  |TAMS 0x0000000705400000| PB 0x0000000705400000| Complete |  0
|   5|0x0000000705600000, 0x0000000705800000, 0x0000000705800000|100%| O|  |TAMS 0x0000000705600000| PB 0x0000000705600000| Untracked |  0
|   6|0x0000000705800000, 0x000000070599cf48, 0x0000000705a00000| 80%| O|  |TAMS 0x0000000705800000| PB 0x0000000705800000| Untracked |  0
|   7|0x0000000705a00000, 0x0000000705c00000, 0x0000000705c00000|100%|HS|  |TAMS 0x0000000705a00000| PB 0x0000000705a00000| Complete |  0
|   8|0x0000000705c00000, 0x0000000705e00000, 0x0000000705e00000|100%|HC|  |TAMS 0x0000000705c00000| PB 0x0000000705c00000| Complete |  0
|   9|0x0000000705e00000, 0x0000000706000000, 0x0000000706000000|100%|HC|  |TAMS 0x0000000705e00000| PB 0x0000000705e00000| Complete |  0
|  10|0x0000000706000000, 0x0000000706200000, 0x0000000706200000|100%|HS|  |TAMS 0x0000000706000000| PB 0x0000000706000000| Complete |  0
|  11|0x0000000706200000, 0x0000000706400000, 0x0000000706400000|100%|HS|  |TAMS 0x0000000706200000| PB 0x0000000706200000| Complete |  0
|  12|0x0000000706400000, 0x0000000706600000, 0x0000000706600000|100%|HC|  |TAMS 0x0000000706400000| PB 0x0000000706400000| Complete |  0
|  13|0x0000000706600000, 0x0000000706800000, 0x0000000706800000|100%|HC|  |TAMS 0x0000000706600000| PB 0x0000000706600000| Complete |  0
|  14|0x0000000706800000, 0x0000000706a00000, 0x0000000706a00000|100%|HS|  |TAMS 0x0000000706800000| PB 0x0000000706800000| Complete |  0
|  15|0x0000000706a00000, 0x0000000706c00000, 0x0000000706c00000|100%|HS|  |TAMS 0x0000000706a00000| PB 0x0000000706a00000| Complete |  0
|  16|0x0000000706c00000, 0x0000000706e00000, 0x0000000706e00000|100%|HC|  |TAMS 0x0000000706c00000| PB 0x0000000706c00000| Complete |  0
|  17|0x0000000706e00000, 0x0000000707000000, 0x0000000707000000|100%|HS|  |TAMS 0x0000000706e00000| PB 0x0000000706e00000| Complete |  0
|  18|0x0000000707000000, 0x0000000707200000, 0x0000000707200000|100%|HC|  |TAMS 0x0000000707000000| PB 0x0000000707000000| Complete |  0
|  19|0x0000000707200000, 0x0000000707400000, 0x0000000707400000|100%|HS|  |TAMS 0x0000000707200000| PB 0x0000000707200000| Complete |  0
|  20|0x0000000707400000, 0x0000000707600000, 0x0000000707600000|100%|HS|  |TAMS 0x0000000707400000| PB 0x0000000707400000| Complete |  0
|  21|0x0000000707600000, 0x0000000707800000, 0x0000000707800000|100%|HC|  |TAMS 0x0000000707600000| PB 0x0000000707600000| Complete |  0
|  22|0x0000000707800000, 0x0000000707a00000, 0x0000000707a00000|100%|HC|  |TAMS 0x0000000707800000| PB 0x0000000707800000| Complete |  0
|  23|0x0000000707a00000, 0x0000000707a00000, 0x0000000707c00000|  0%| F|  |TAMS 0x0000000707a00000| PB 0x0000000707a00000| Untracked |  0
|  24|0x0000000707c00000, 0x0000000707c00000, 0x0000000707e00000|  0%| F|  |TAMS 0x0000000707c00000| PB 0x0000000707c00000| Untracked |  0
|  25|0x0000000707e00000, 0x0000000707e00000, 0x0000000708000000|  0%| F|  |TAMS 0x0000000707e00000| PB 0x0000000707e00000| Untracked |  0
|  26|0x0000000708000000, 0x0000000708000000, 0x0000000708200000|  0%| F|  |TAMS 0x0000000708000000| PB 0x0000000708000000| Untracked |  0
|  27|0x0000000708200000, 0x0000000708200000, 0x0000000708400000|  0%| F|  |TAMS 0x0000000708200000| PB 0x0000000708200000| Untracked |  0
|  28|0x0000000708400000, 0x0000000708400000, 0x0000000708600000|  0%| F|  |TAMS 0x0000000708400000| PB 0x0000000708400000| Untracked |  0
|  29|0x0000000708600000, 0x0000000708600000, 0x0000000708800000|  0%| F|  |TAMS 0x0000000708600000| PB 0x0000000708600000| Untracked |  0
|  30|0x0000000708800000, 0x0000000708800000, 0x0000000708a00000|  0%| F|  |TAMS 0x0000000708800000| PB 0x0000000708800000| Untracked |  0
|  31|0x0000000708a00000, 0x0000000708a00000, 0x0000000708c00000|  0%| F|  |TAMS 0x0000000708a00000| PB 0x0000000708a00000| Untracked |  0
|  32|0x0000000708c00000, 0x0000000708c00000, 0x0000000708e00000|  0%| F|  |TAMS 0x0000000708c00000| PB 0x0000000708c00000| Untracked |  0
|  33|0x0000000708e00000, 0x0000000708e00000, 0x0000000709000000|  0%| F|  |TAMS 0x0000000708e00000| PB 0x0000000708e00000| Untracked |  0
|  34|0x0000000709000000, 0x0000000709000000, 0x0000000709200000|  0%| F|  |TAMS 0x0000000709000000| PB 0x0000000709000000| Untracked |  0
|  35|0x0000000709200000, 0x0000000709200000, 0x0000000709400000|  0%| F|  |TAMS 0x0000000709200000| PB 0x0000000709200000| Untracked |  0
|  36|0x0000000709400000, 0x0000000709400000, 0x0000000709600000|  0%| F|  |TAMS 0x0000000709400000| PB 0x0000000709400000| Untracked |  0
|  37|0x0000000709600000, 0x0000000709600000, 0x0000000709800000|  0%| F|  |TAMS 0x0000000709600000| PB 0x0000000709600000| Untracked |  0
|  38|0x0000000709800000, 0x0000000709800000, 0x0000000709a00000|  0%| F|  |TAMS 0x0000000709800000| PB 0x0000000709800000| Untracked |  0
|  39|0x0000000709a00000, 0x0000000709a00000, 0x0000000709c00000|  0%| F|  |TAMS 0x0000000709a00000| PB 0x0000000709a00000| Untracked |  0
|  40|0x0000000709c00000, 0x0000000709c00000, 0x0000000709e00000|  0%| F|  |TAMS 0x0000000709c00000| PB 0x0000000709c00000| Untracked |  0
|  41|0x0000000709e00000, 0x0000000709e00000, 0x000000070a000000|  0%| F|  |TAMS 0x0000000709e00000| PB 0x0000000709e00000| Untracked |  0
|  42|0x000000070a000000, 0x000000070a000000, 0x000000070a200000|  0%| F|  |TAMS 0x000000070a000000| PB 0x000000070a000000| Untracked |  0
|  43|0x000000070a200000, 0x000000070a200000, 0x000000070a400000|  0%| F|  |TAMS 0x000000070a200000| PB 0x000000070a200000| Untracked |  0
|  44|0x000000070a400000, 0x000000070a400000, 0x000000070a600000|  0%| F|  |TAMS 0x000000070a400000| PB 0x000000070a400000| Untracked |  0
|  45|0x000000070a600000, 0x000000070a600000, 0x000000070a800000|  0%| F|  |TAMS 0x000000070a600000| PB 0x000000070a600000| Untracked |  0
|  46|0x000000070a800000, 0x000000070a800000, 0x000000070aa00000|  0%| F|  |TAMS 0x000000070a800000| PB 0x000000070a800000| Untracked |  0
|  47|0x000000070aa00000, 0x000000070aa00000, 0x000000070ac00000|  0%| F|  |TAMS 0x000000070aa00000| PB 0x000000070aa00000| Untracked |  0
|  48|0x000000070ac00000, 0x000000070ac00000, 0x000000070ae00000|  0%| F|  |TAMS 0x000000070ac00000| PB 0x000000070ac00000| Untracked |  0
|  49|0x000000070ae00000, 0x000000070ae00000, 0x000000070b000000|  0%| F|  |TAMS 0x000000070ae00000| PB 0x000000070ae00000| Untracked |  0
|  50|0x000000070b000000, 0x000000070b000000, 0x000000070b200000|  0%| F|  |TAMS 0x000000070b000000| PB 0x000000070b000000| Untracked |  0
|  51|0x000000070b200000, 0x000000070b200000, 0x000000070b400000|  0%| F|  |TAMS 0x000000070b200000| PB 0x000000070b200000| Untracked |  0
|  52|0x000000070b400000, 0x000000070b400000, 0x000000070b600000|  0%| F|  |TAMS 0x000000070b400000| PB 0x000000070b400000| Untracked |  0
|  53|0x000000070b600000, 0x000000070b600000, 0x000000070b800000|  0%| F|  |TAMS 0x000000070b600000| PB 0x000000070b600000| Untracked |  0
|  54|0x000000070b800000, 0x000000070b800000, 0x000000070ba00000|  0%| F|  |TAMS 0x000000070b800000| PB 0x000000070b800000| Untracked |  0
|  55|0x000000070ba00000, 0x000000070ba00000, 0x000000070bc00000|  0%| F|  |TAMS 0x000000070ba00000| PB 0x000000070ba00000| Untracked |  0
|  56|0x000000070bc00000, 0x000000070bc00000, 0x000000070be00000|  0%| F|  |TAMS 0x000000070bc00000| PB 0x000000070bc00000| Untracked |  0
|  57|0x000000070be00000, 0x000000070be00000, 0x000000070c000000|  0%| F|  |TAMS 0x000000070be00000| PB 0x000000070be00000| Untracked |  0
|  58|0x000000070c000000, 0x000000070c000000, 0x000000070c200000|  0%| F|  |TAMS 0x000000070c000000| PB 0x000000070c000000| Untracked |  0
|  59|0x000000070c200000, 0x000000070c200000, 0x000000070c400000|  0%| F|  |TAMS 0x000000070c200000| PB 0x000000070c200000| Untracked |  0
|  60|0x000000070c400000, 0x000000070c400000, 0x000000070c600000|  0%| F|  |TAMS 0x000000070c400000| PB 0x000000070c400000| Untracked |  0
|  61|0x000000070c600000, 0x000000070c600000, 0x000000070c800000|  0%| F|  |TAMS 0x000000070c600000| PB 0x000000070c600000| Untracked |  0
|  62|0x000000070c800000, 0x000000070c800000, 0x000000070ca00000|  0%| F|  |TAMS 0x000000070c800000| PB 0x000000070c800000| Untracked |  0
|  63|0x000000070ca00000, 0x000000070ca00000, 0x000000070cc00000|  0%| F|  |TAMS 0x000000070ca00000| PB 0x000000070ca00000| Untracked |  0
|  64|0x000000070cc00000, 0x000000070cc00000, 0x000000070ce00000|  0%| F|  |TAMS 0x000000070cc00000| PB 0x000000070cc00000| Untracked |  0
|  65|0x000000070ce00000, 0x000000070ce00000, 0x000000070d000000|  0%| F|  |TAMS 0x000000070ce00000| PB 0x000000070ce00000| Untracked |  0
|  66|0x000000070d000000, 0x000000070d000000, 0x000000070d200000|  0%| F|  |TAMS 0x000000070d000000| PB 0x000000070d000000| Untracked |  0
|  67|0x000000070d200000, 0x000000070d200000, 0x000000070d400000|  0%| F|  |TAMS 0x000000070d200000| PB 0x000000070d200000| Untracked |  0
|  68|0x000000070d400000, 0x000000070d400000, 0x000000070d600000|  0%| F|  |TAMS 0x000000070d400000| PB 0x000000070d400000| Untracked |  0
|  69|0x000000070d600000, 0x000000070d600000, 0x000000070d800000|  0%| F|  |TAMS 0x000000070d600000| PB 0x000000070d600000| Untracked |  0
|  70|0x000000070d800000, 0x000000070d800000, 0x000000070da00000|  0%| F|  |TAMS 0x000000070d800000| PB 0x000000070d800000| Untracked |  0
|  71|0x000000070da00000, 0x000000070da00000, 0x000000070dc00000|  0%| F|  |TAMS 0x000000070da00000| PB 0x000000070da00000| Untracked |  0
|  72|0x000000070dc00000, 0x000000070dc00000, 0x000000070de00000|  0%| F|  |TAMS 0x000000070dc00000| PB 0x000000070dc00000| Untracked |  0
|  73|0x000000070de00000, 0x000000070de00000, 0x000000070e000000|  0%| F|  |TAMS 0x000000070de00000| PB 0x000000070de00000| Untracked |  0
|  74|0x000000070e000000, 0x000000070e000000, 0x000000070e200000|  0%| F|  |TAMS 0x000000070e000000| PB 0x000000070e000000| Untracked |  0
|  75|0x000000070e200000, 0x000000070e200000, 0x000000070e400000|  0%| F|  |TAMS 0x000000070e200000| PB 0x000000070e200000| Untracked |  0
|  76|0x000000070e400000, 0x000000070e400000, 0x000000070e600000|  0%| F|  |TAMS 0x000000070e400000| PB 0x000000070e400000| Untracked |  0
|  77|0x000000070e600000, 0x000000070e600000, 0x000000070e800000|  0%| F|  |TAMS 0x000000070e600000| PB 0x000000070e600000| Untracked |  0
|  78|0x000000070e800000, 0x000000070e800000, 0x000000070ea00000|  0%| F|  |TAMS 0x000000070e800000| PB 0x000000070e800000| Untracked |  0
|  79|0x000000070ea00000, 0x000000070ea00000, 0x000000070ec00000|  0%| F|  |TAMS 0x000000070ea00000| PB 0x000000070ea00000| Untracked |  0
|  80|0x000000070ec00000, 0x000000070ec00000, 0x000000070ee00000|  0%| F|  |TAMS 0x000000070ec00000| PB 0x000000070ec00000| Untracked |  0
|  81|0x000000070ee00000, 0x000000070ee00000, 0x000000070f000000|  0%| F|  |TAMS 0x000000070ee00000| PB 0x000000070ee00000| Untracked |  0
|  82|0x000000070f000000, 0x000000070f000000, 0x000000070f200000|  0%| F|  |TAMS 0x000000070f000000| PB 0x000000070f000000| Untracked |  0
|  83|0x000000070f200000, 0x000000070f200000, 0x000000070f400000|  0%| F|  |TAMS 0x000000070f200000| PB 0x000000070f200000| Untracked |  0
|  84|0x000000070f400000, 0x000000070f400000, 0x000000070f600000|  0%| F|  |TAMS 0x000000070f400000| PB 0x000000070f400000| Untracked |  0
|  85|0x000000070f600000, 0x000000070f600000, 0x000000070f800000|  0%| F|  |TAMS 0x000000070f600000| PB 0x000000070f600000| Untracked |  0
|  86|0x000000070f800000, 0x000000070f800000, 0x000000070fa00000|  0%| F|  |TAMS 0x000000070f800000| PB 0x000000070f800000| Untracked |  0
|  87|0x000000070fa00000, 0x000000070fa00000, 0x000000070fc00000|  0%| F|  |TAMS 0x000000070fa00000| PB 0x000000070fa00000| Untracked |  0
|  88|0x000000070fc00000, 0x000000070fc00000, 0x000000070fe00000|  0%| F|  |TAMS 0x000000070fc00000| PB 0x000000070fc00000| Untracked |  0
|  89|0x000000070fe00000, 0x000000070fe00000, 0x0000000710000000|  0%| F|  |TAMS 0x000000070fe00000| PB 0x000000070fe00000| Untracked |  0
|  90|0x0000000710000000, 0x0000000710000000, 0x0000000710200000|  0%| F|  |TAMS 0x0000000710000000| PB 0x0000000710000000| Untracked |  0
|  91|0x0000000710200000, 0x0000000710200000, 0x0000000710400000|  0%| F|  |TAMS 0x0000000710200000| PB 0x0000000710200000| Untracked |  0
|  92|0x0000000710400000, 0x0000000710400000, 0x0000000710600000|  0%| F|  |TAMS 0x0000000710400000| PB 0x0000000710400000| Untracked |  0
|  93|0x0000000710600000, 0x0000000710600000, 0x0000000710800000|  0%| F|  |TAMS 0x0000000710600000| PB 0x0000000710600000| Untracked |  0
|  94|0x0000000710800000, 0x0000000710800000, 0x0000000710a00000|  0%| F|  |TAMS 0x0000000710800000| PB 0x0000000710800000| Untracked |  0
|  95|0x0000000710a00000, 0x0000000710a00000, 0x0000000710c00000|  0%| F|  |TAMS 0x0000000710a00000| PB 0x0000000710a00000| Untracked |  0
|  96|0x0000000710c00000, 0x0000000710c00000, 0x0000000710e00000|  0%| F|  |TAMS 0x0000000710c00000| PB 0x0000000710c00000| Untracked |  0
|  97|0x0000000710e00000, 0x0000000710e00000, 0x0000000711000000|  0%| F|  |TAMS 0x0000000710e00000| PB 0x0000000710e00000| Untracked |  0
|  98|0x0000000711000000, 0x0000000711000000, 0x0000000711200000|  0%| F|  |TAMS 0x0000000711000000| PB 0x0000000711000000| Untracked |  0
|  99|0x0000000711200000, 0x0000000711200000, 0x0000000711400000|  0%| F|  |TAMS 0x0000000711200000| PB 0x0000000711200000| Untracked |  0
| 100|0x0000000711400000, 0x0000000711400000, 0x0000000711600000|  0%| F|  |TAMS 0x0000000711400000| PB 0x0000000711400000| Untracked |  0
| 101|0x0000000711600000, 0x0000000711600000, 0x0000000711800000|  0%| F|  |TAMS 0x0000000711600000| PB 0x0000000711600000| Untracked |  0
| 102|0x0000000711800000, 0x0000000711800000, 0x0000000711a00000|  0%| F|  |TAMS 0x0000000711800000| PB 0x0000000711800000| Untracked |  0
| 103|0x0000000711a00000, 0x0000000711a00000, 0x0000000711c00000|  0%| F|  |TAMS 0x0000000711a00000| PB 0x0000000711a00000| Untracked |  0
| 104|0x0000000711c00000, 0x0000000711c00000, 0x0000000711e00000|  0%| F|  |TAMS 0x0000000711c00000| PB 0x0000000711c00000| Untracked |  0
| 105|0x0000000711e00000, 0x0000000711e00000, 0x0000000712000000|  0%| F|  |TAMS 0x0000000711e00000| PB 0x0000000711e00000| Untracked |  0
| 106|0x0000000712000000, 0x0000000712200000, 0x0000000712200000|100%| E|  |TAMS 0x0000000712000000| PB 0x0000000712000000| Complete |  0
| 107|0x0000000712200000, 0x0000000712400000, 0x0000000712400000|100%| E|CS|TAMS 0x0000000712200000| PB 0x0000000712200000| Complete |  0
| 108|0x0000000712400000, 0x0000000712600000, 0x0000000712600000|100%| E|  |TAMS 0x0000000712400000| PB 0x0000000712400000| Complete |  0
| 109|0x0000000712600000, 0x0000000712800000, 0x0000000712800000|100%| E|CS|TAMS 0x0000000712600000| PB 0x0000000712600000| Complete |  0
| 110|0x0000000712800000, 0x0000000712a00000, 0x0000000712a00000|100%| S|CS|TAMS 0x0000000712800000| PB 0x0000000712800000| Complete |  0
| 111|0x0000000712a00000, 0x0000000712c00000, 0x0000000712c00000|100%| S|CS|TAMS 0x0000000712a00000| PB 0x0000000712a00000| Complete |  0
| 112|0x0000000712c00000, 0x0000000712e00000, 0x0000000712e00000|100%| E|CS|TAMS 0x0000000712c00000| PB 0x0000000712c00000| Complete |  0
| 113|0x0000000712e00000, 0x0000000713000000, 0x0000000713000000|100%| E|CS|TAMS 0x0000000712e00000| PB 0x0000000712e00000| Complete |  0
| 114|0x0000000713000000, 0x0000000713200000, 0x0000000713200000|100%| E|CS|TAMS 0x0000000713000000| PB 0x0000000713000000| Complete |  0
| 115|0x0000000713200000, 0x0000000713400000, 0x0000000713400000|100%| E|CS|TAMS 0x0000000713200000| PB 0x0000000713200000| Complete |  0
| 116|0x0000000713400000, 0x0000000713600000, 0x0000000713600000|100%| E|CS|TAMS 0x0000000713400000| PB 0x0000000713400000| Complete |  0
| 117|0x0000000713600000, 0x0000000713800000, 0x0000000713800000|100%| E|CS|TAMS 0x0000000713600000| PB 0x0000000713600000| Complete |  0
| 118|0x0000000713800000, 0x0000000713a00000, 0x0000000713a00000|100%| E|CS|TAMS 0x0000000713800000| PB 0x0000000713800000| Complete |  0
| 119|0x0000000713a00000, 0x0000000713c00000, 0x0000000713c00000|100%| E|CS|TAMS 0x0000000713a00000| PB 0x0000000713a00000| Complete |  0
| 120|0x0000000713c00000, 0x0000000713e00000, 0x0000000713e00000|100%| E|CS|TAMS 0x0000000713c00000| PB 0x0000000713c00000| Complete |  0
| 121|0x0000000713e00000, 0x0000000714000000, 0x0000000714000000|100%| E|CS|TAMS 0x0000000713e00000| PB 0x0000000713e00000| Complete |  0
| 122|0x0000000714000000, 0x0000000714200000, 0x0000000714200000|100%| E|CS|TAMS 0x0000000714000000| PB 0x0000000714000000| Complete |  0
| 123|0x0000000714200000, 0x0000000714400000, 0x0000000714400000|100%| E|CS|TAMS 0x0000000714200000| PB 0x0000000714200000| Complete |  0
| 124|0x0000000714400000, 0x0000000714600000, 0x0000000714600000|100%| E|CS|TAMS 0x0000000714400000| PB 0x0000000714400000| Complete |  0
| 125|0x0000000714600000, 0x0000000714800000, 0x0000000714800000|100%| E|CS|TAMS 0x0000000714600000| PB 0x0000000714600000| Complete |  0

Card table byte_map: [0x00000197bec20000,0x00000197bf400000] _byte_map_base: 0x00000197bb3fa000

Marking Bits: (CMBitMap*) 0x00000197ab225600
 Bits: [0x00000197bf400000, 0x00000197c32d0000)

Polling page: 0x00000197a8f00000

Metaspace:

Usage:
  Non-class:     12.49 MB used.
      Class:      2.05 MB used.
       Both:     14.54 MB used.

Virtual space:
  Non-class space:       64.00 MB reserved,      12.69 MB ( 20%) committed,  1 nodes.
      Class space:        1.00 GB reserved,       2.19 MB ( <1%) committed,  1 nodes.
             Both:        1.06 GB reserved,      14.88 MB (  1%) committed. 

Chunk freelists:
   Non-Class:  2.52 MB
       Class:  13.85 MB
        Both:  16.36 MB

MaxMetaspaceSize: unlimited
CompressedClassSpaceSize: 1.00 GB
Initial GC threshold: 21.00 MB
Current GC threshold: 21.00 MB
CDS: on
 - commit_granule_bytes: 65536.
 - commit_granule_words: 8192.
 - virtual_space_node_default_size: 8388608.
 - enlarge_chunks_in_place: 1.
 - use_allocation_guard: 0.


Internal statistics:

num_allocs_failed_limit: 0.
num_arena_births: 358.
num_arena_deaths: 0.
num_vsnodes_births: 2.
num_vsnodes_deaths: 0.
num_space_committed: 238.
num_space_uncommitted: 0.
num_chunks_returned_to_freelist: 0.
num_chunks_taken_from_freelist: 822.
num_chunk_merges: 0.
num_chunk_splits: 555.
num_chunks_enlarged: 390.
num_inconsistent_stats: 0.

CodeHeap 'non-profiled nmethods': size=120064Kb used=1071Kb max_used=1071Kb free=118992Kb
 bounds [0x00000197b69b0000, 0x00000197b6c20000, 0x00000197bdef0000]
CodeHeap 'profiled nmethods': size=120000Kb used=4121Kb max_used=4121Kb free=115878Kb
 bounds [0x00000197aeef0000, 0x00000197af300000, 0x00000197b6420000]
CodeHeap 'non-nmethods': size=5696Kb used=1730Kb max_used=1747Kb free=3966Kb
 bounds [0x00000197b6420000, 0x00000197b6690000, 0x00000197b69b0000]
CodeCache: size=245760Kb, used=6922Kb, max_used=6939Kb, free=238836Kb
 total_blobs=3723, nmethods=2943, adapters=685, full_count=0
Compilation: enabled, stopped_count=0, restarted_count=0

Compilation events (20 events):
Event: 22.734 Thread 0x00000197c5f635f0 nmethod 2932 0x00000197b6abb088 code [0x00000197b6abb180, 0x00000197b6abb228]
Event: 22.752 Thread 0x00000197c5f654c0 2935       3       javafx.scene.Node::getPeer (57 bytes)
Event: 22.752 Thread 0x00000197c5f654c0 nmethod 2935 0x00000197af2f4488 code [0x00000197af2f45e0, 0x00000197af2f4970]
Event: 22.753 Thread 0x00000197c5f654c0 2936       3       java.util.LinkedList$Node::<init> (20 bytes)
Event: 22.753 Thread 0x00000197c5f654c0 nmethod 2936 0x00000197af2f4a08 code [0x00000197af2f4b20, 0x00000197af2f4db8]
Event: 22.761 Thread 0x00000197c5f654c0 2937       3       com.sun.javafx.geom.Point2D::setLocation (11 bytes)
Event: 22.761 Thread 0x00000197c5f654c0 nmethod 2937 0x00000197af2f4e08 code [0x00000197af2f4f20, 0x00000197af2f5038]
Event: 22.762 Thread 0x00000197c5f654c0 2938       1       com.sun.prism.impl.BaseTexture::getContentWidth (5 bytes)
Event: 22.762 Thread 0x00000197c5f654c0 nmethod 2938 0x00000197b6abb388 code [0x00000197b6abb4a0, 0x00000197b6abb568]
Event: 22.763 Thread 0x00000197c5f654c0 2939       1       com.sun.prism.impl.BaseTexture::getContentHeight (5 bytes)
Event: 22.763 Thread 0x00000197c5f654c0 nmethod 2939 0x00000197b6abb688 code [0x00000197b6abb7a0, 0x00000197b6abb868]
Event: 22.764 Thread 0x00000197c5f654c0 2940       3       java.util.LinkedList::add (7 bytes)
Event: 22.764 Thread 0x00000197c5f654c0 nmethod 2940 0x00000197af2f5108 code [0x00000197af2f5220, 0x00000197af2f5378]
Event: 22.764 Thread 0x00000197c5f654c0 2941       3       java.util.LinkedList::linkLast (59 bytes)
Event: 22.764 Thread 0x00000197c5f654c0 nmethod 2941 0x00000197af2f5408 code [0x00000197af2f5540, 0x00000197af2f59b8]
Event: 23.465 Thread 0x00000197c5f654c0 2943       3       java.lang.invoke.DirectMethodHandle$Holder::invokeStatic (20 bytes)
Event: 23.466 Thread 0x00000197c5f654c0 nmethod 2943 0x00000197af2f5a08 code [0x00000197af2f5b40, 0x00000197af2f6070]
Event: 23.485 Thread 0x00000197c5f654c0 2944       3       java.lang.invoke.LambdaForm$DMH/0x00000197c70ac800::invokeStatic (31 bytes)
Event: 23.485 Thread 0x00000197c5f654c0 nmethod 2944 0x00000197af2f6088 code [0x00000197af2f61c0, 0x00000197af2f6610]
Event: 23.487 Thread 0x00000197c5f654c0 2945   !   3       java.lang.invoke.AbstractValidatingLambdaMetafactory::<init> (559 bytes)

GC Heap History (4 events):
Event: 0.582 GC heap before
{Heap before GC invocations=0 (full 0):
 garbage-first heap   total reserved 4116480K, committed 258048K, used 24576K [0x0000000704c00000, 0x0000000800000000)
  region size 2048K, 12 young (24576K), 0 survivors (0K)
 Metaspace       used 4263K, committed 4416K, reserved 1114112K
  class space    used 510K, committed 576K, reserved 1048576K
}
Event: 0.585 GC heap after
{Heap after GC invocations=1 (full 0):
 garbage-first heap   total reserved 4116480K, committed 258048K, used 3369K [0x0000000704c00000, 0x0000000800000000)
  region size 2048K, 2 young (4096K), 2 survivors (4096K)
 Metaspace       used 4263K, committed 4416K, reserved 1114112K
  class space    used 510K, committed 576K, reserved 1048576K
}
Event: 1.144 GC heap before
{Heap before GC invocations=1 (full 0):
 garbage-first heap   total reserved 4116480K, committed 258048K, used 38185K [0x0000000704c00000, 0x0000000800000000)
  region size 2048K, 14 young (28672K), 2 survivors (4096K)
 Metaspace       used 8975K, committed 9280K, reserved 1114112K
  class space    used 1193K, committed 1344K, reserved 1048576K
}
Event: 1.148 GC heap after
{Heap after GC invocations=2 (full 0):
 garbage-first heap   total reserved 4116480K, committed 258048K, used 18035K [0x0000000704c00000, 0x0000000800000000)
  region size 2048K, 2 young (4096K), 2 survivors (4096K)
 Metaspace       used 8975K, committed 9280K, reserved 1114112K
  class space    used 1193K, committed 1344K, reserved 1048576K
}

Dll operation events (20 events):
Event: 0.272 Loaded shared library C:\Users\Gabin\Downloads\openjfx-23.0.2_windows-x64_bin-sdk\javafx-sdk-23.0.2\bin\api-ms-win-crt-math-l1-1-0.dll
Event: 0.273 Loaded shared library C:\Users\Gabin\Downloads\openjfx-23.0.2_windows-x64_bin-sdk\javafx-sdk-23.0.2\bin\api-ms-win-crt-multibyte-l1-1-0.dll
Event: 0.274 Loaded shared library C:\Users\Gabin\Downloads\openjfx-23.0.2_windows-x64_bin-sdk\javafx-sdk-23.0.2\bin\api-ms-win-crt-private-l1-1-0.dll
Event: 0.275 Loaded shared library C:\Users\Gabin\Downloads\openjfx-23.0.2_windows-x64_bin-sdk\javafx-sdk-23.0.2\bin\api-ms-win-crt-process-l1-1-0.dll
Event: 0.278 Loaded shared library C:\Users\Gabin\Downloads\openjfx-23.0.2_windows-x64_bin-sdk\javafx-sdk-23.0.2\bin\api-ms-win-crt-runtime-l1-1-0.dll
Event: 0.279 Loaded shared library C:\Users\Gabin\Downloads\openjfx-23.0.2_windows-x64_bin-sdk\javafx-sdk-23.0.2\bin\api-ms-win-crt-stdio-l1-1-0.dll
Event: 0.281 Loaded shared library C:\Users\Gabin\Downloads\openjfx-23.0.2_windows-x64_bin-sdk\javafx-sdk-23.0.2\bin\api-ms-win-crt-string-l1-1-0.dll
Event: 0.283 Loaded shared library C:\Users\Gabin\Downloads\openjfx-23.0.2_windows-x64_bin-sdk\javafx-sdk-23.0.2\bin\api-ms-win-crt-time-l1-1-0.dll
Event: 0.285 Loaded shared library C:\Users\Gabin\Downloads\openjfx-23.0.2_windows-x64_bin-sdk\javafx-sdk-23.0.2\bin\api-ms-win-crt-utility-l1-1-0.dll
Event: 0.287 Loaded shared library C:\Users\Gabin\Downloads\openjfx-23.0.2_windows-x64_bin-sdk\javafx-sdk-23.0.2\bin\ucrtbase.dll
Event: 0.289 Loaded shared library C:\Users\Gabin\Downloads\openjfx-23.0.2_windows-x64_bin-sdk\javafx-sdk-23.0.2\bin\vcruntime140.dll
Event: 0.291 Loaded shared library C:\Users\Gabin\Downloads\openjfx-23.0.2_windows-x64_bin-sdk\javafx-sdk-23.0.2\bin\vcruntime140_1.dll
Event: 0.293 Loaded shared library C:\Users\Gabin\Downloads\openjfx-23.0.2_windows-x64_bin-sdk\javafx-sdk-23.0.2\bin\msvcp140.dll
Event: 0.294 Loaded shared library C:\Users\Gabin\Downloads\openjfx-23.0.2_windows-x64_bin-sdk\javafx-sdk-23.0.2\bin\msvcp140_1.dll
Event: 0.296 Loaded shared library C:\Users\Gabin\Downloads\openjfx-23.0.2_windows-x64_bin-sdk\javafx-sdk-23.0.2\bin\msvcp140_2.dll
Event: 0.332 Loaded shared library C:\Users\Gabin\Downloads\openjfx-23.0.2_windows-x64_bin-sdk\javafx-sdk-23.0.2\bin\prism_d3d.dll
Event: 0.382 Loaded shared library C:\Users\Gabin\Downloads\openjfx-23.0.2_windows-x64_bin-sdk\javafx-sdk-23.0.2\bin\glass.dll
Event: 0.516 Loaded shared library C:\Users\Gabin\.p2\pool\plugins\org.eclipse.justj.openjdk.hotspot.jre.full.win32.x86_64_23.0.2.v20250131-0604\jre\bin\jimage.dll
Event: 0.993 Loaded shared library C:\Users\Gabin\Downloads\openjfx-23.0.2_windows-x64_bin-sdk\javafx-sdk-23.0.2\bin\javafx_iio.dll
Event: 1.164 Loaded shared library C:\Users\Gabin\Downloads\openjfx-23.0.2_windows-x64_bin-sdk\javafx-sdk-23.0.2\bin\javafx_font.dll

Deoptimization events (20 events):
Event: 18.573 Thread 0x000001980b790ed0 Uncommon trap: trap_request=0xffffff45 fr.pc=0x00000197b6a81884 relative=0x00000000000001e4
Event: 18.573 Thread 0x000001980b790ed0 Uncommon trap: reason=unstable_if action=reinterpret pc=0x00000197b6a81884 method=java.io.ByteArrayInputStream.read()I @ 8 c2
Event: 18.573 Thread 0x000001980b790ed0 DEOPT PACKING pc=0x00000197b6a81884 sp=0x00000036e5afa290
Event: 18.573 Thread 0x000001980b790ed0 DEOPT UNPACKING pc=0x00000197b6474402 sp=0x00000036e5afa238 mode 2
Event: 20.734 Thread 0x000001980b790ed0 Uncommon trap: trap_request=0xffffffde fr.pc=0x00000197b6a9e480 relative=0x00000000000002c0
Event: 20.734 Thread 0x000001980b790ed0 Uncommon trap: reason=class_check action=maybe_recompile pc=0x00000197b6a9e480 method=java.util.HashMap.getNode(Ljava/lang/Object;)Ljava/util/HashMap$Node; @ 82 c2
Event: 20.734 Thread 0x000001980b790ed0 DEOPT PACKING pc=0x00000197b6a9e480 sp=0x00000036e5afcbe0
Event: 20.734 Thread 0x000001980b790ed0 DEOPT UNPACKING pc=0x00000197b6474402 sp=0x00000036e5afcb60 mode 2
Event: 20.734 Thread 0x000001980b790ed0 Uncommon trap: trap_request=0xffffffde fr.pc=0x00000197b6a9e480 relative=0x00000000000002c0
Event: 20.734 Thread 0x000001980b790ed0 Uncommon trap: reason=class_check action=maybe_recompile pc=0x00000197b6a9e480 method=java.util.HashMap.getNode(Ljava/lang/Object;)Ljava/util/HashMap$Node; @ 82 c2
Event: 20.734 Thread 0x000001980b790ed0 DEOPT PACKING pc=0x00000197b6a9e480 sp=0x00000036e5afcbd0
Event: 20.734 Thread 0x000001980b790ed0 DEOPT UNPACKING pc=0x00000197b6474402 sp=0x00000036e5afcb50 mode 2
Event: 22.709 Thread 0x000001980b790ed0 DEOPT PACKING pc=0x00000197af20f6ef sp=0x00000036e5afc660
Event: 22.709 Thread 0x000001980b790ed0 DEOPT UNPACKING pc=0x00000197b6474b22 sp=0x00000036e5afbb58 mode 0
Event: 22.710 Thread 0x000001980b790ed0 Uncommon trap: trap_request=0xffffff45 fr.pc=0x00000197b6ab8b80 relative=0x0000000000000240
Event: 22.710 Thread 0x000001980b790ed0 Uncommon trap: reason=unstable_if action=reinterpret pc=0x00000197b6ab8b80 method=com.sun.javafx.iio.png.PNGImageLoader2.decodePalette([BLcom/sun/javafx/iio/ImageMetadata;)Lcom/sun/javafx/iio/ImageFrame; @ 181 c2
Event: 22.710 Thread 0x000001980b790ed0 DEOPT PACKING pc=0x00000197b6ab8b80 sp=0x00000036e5afc6a0
Event: 22.710 Thread 0x000001980b790ed0 DEOPT UNPACKING pc=0x00000197b6474402 sp=0x00000036e5afc658 mode 2
Event: 22.714 Thread 0x000001980b790ed0 DEOPT PACKING pc=0x00000197af0b678d sp=0x00000036e5afc550
Event: 22.714 Thread 0x000001980b790ed0 DEOPT UNPACKING pc=0x00000197b6474b22 sp=0x00000036e5afb9a0 mode 0

Classes loaded (20 events):
Event: 18.574 Loading class jdk/internal/icu/impl/Trie2$UTrie2Header
Event: 18.574 Loading class jdk/internal/icu/impl/Trie2$UTrie2Header done
Event: 18.574 Loading class jdk/internal/foreign/MemorySessionImpl
Event: 18.574 Loading class java/lang/foreign/MemorySegment$Scope
Event: 18.574 Loading class java/lang/foreign/MemorySegment$Scope done
Event: 18.574 Loading class jdk/internal/foreign/MemorySessionImpl done
Event: 18.576 Loading class jdk/internal/icu/text/UTF16
Event: 18.576 Loading class jdk/internal/icu/text/UTF16 done
Event: 18.576 Loading class jdk/internal/icu/text/BidiLine
Event: 18.576 Loading class jdk/internal/icu/text/BidiLine done
Event: 18.614 Loading class java/nio/ShortBuffer
Event: 18.614 Loading class java/nio/ShortBuffer done
Event: 18.614 Loading class java/nio/DoubleBuffer
Event: 18.615 Loading class java/nio/DoubleBuffer done
Event: 18.638 Loading class java/nio/DirectFloatBufferU
Event: 18.638 Loading class java/nio/DirectFloatBufferU done
Event: 18.647 Loading class java/lang/FdLibm$Atan2
Event: 18.647 Loading class java/lang/FdLibm$Atan2 done
Event: 18.647 Loading class java/lang/FdLibm
Event: 18.647 Loading class java/lang/FdLibm done

Classes unloaded (0 events):
No events

Classes redefined (0 events):
No events

Internal exceptions (20 events):
Event: 18.522 Thread 0x000001980b790ed0 Implicit null exception at 0x00000197b6a5632d to 0x00000197b6a565c8
Event: 18.524 Thread 0x000001980b790ed0 Implicit null exception at 0x00000197b6a7592d to 0x00000197b6a75bbc
Event: 18.524 Thread 0x000001980b790ed0 Implicit null exception at 0x00000197b69d169d to 0x00000197b69d171d
Event: 18.531 Thread 0x000001980b790ed0 Exception <a 'java/io/FileNotFoundException'{0x0000000712fbd038}> (0x0000000712fbd038) 
thrown [s\src\hotspot\share\prims\jni.cpp, line 520]
Event: 18.548 Thread 0x000001980b790ed0 Exception <a 'java/lang/NoSuchMethodError'{0x0000000712d15088}: 'java.lang.Object java.lang.invoke.DirectMethodHandle$Holder.invokeInterface(java.lang.Object, java.lang.Object, java.lang.Object)'> (0x0000000712d15088) 
thrown [s\src\hotspot\share\interpreter\linkResolver.cpp, line 796]
Event: 18.548 Thread 0x000001980b790ed0 Exception <a 'java/lang/IncompatibleClassChangeError'{0x0000000712d18cb8}: Found class java.lang.Object, but interface was expected> (0x0000000712d18cb8) 
thrown [s\src\hotspot\share\interpreter\linkResolver.cpp, line 863]
Event: 18.578 Thread 0x000001980b790ed0 Exception <a 'java/lang/NoSuchMethodError'{0x0000000712688148}: 'int java.lang.invoke.DirectMethodHandle$Holder.invokeSpecial(java.lang.Object, java.lang.Object, int)'> (0x0000000712688148) 
thrown [s\src\hotspot\share\interpreter\linkResolver.cpp, line 796]
Event: 18.678 Thread 0x000001980b790ed0 Exception <a 'java/lang/NoSuchMethodError'{0x0000000712757a98}: 'java.lang.Object java.lang.invoke.DirectMethodHandle$Holder.newInvokeSpecial(java.lang.Object, java.lang.Object, int, int, int, int, int, java.lang.Object)'> (0x0000000712757a98) 
thrown [s\src\hotspot\share\interpreter\linkResolver.cpp, line 796]
Event: 18.680 Thread 0x000001980b790ed0 Exception <a 'java/lang/NoSuchMethodError'{0x0000000712769a68}: 'java.lang.Object java.lang.invoke.DirectMethodHandle$Holder.newInvokeSpecial(java.lang.Object, java.lang.Object, java.lang.Object, int, int, int, int, int)'> (0x0000000712769a68) 
thrown [s\src\hotspot\share\interpreter\linkResolver.cpp, line 796]
Event: 18.682 Thread 0x000001980b790ed0 Exception <a 'java/lang/NoSuchMethodError'{0x0000000712770e98}: 'java.lang.Object java.lang.invoke.Invokers$Holder.linkToTargetMethod(java.lang.Object, java.lang.Object, int, int, int, int, int, java.lang.Object)'> (0x0000000712770e98) 
thrown [s\src\hotspot\share\interpreter\linkResolver.cpp, line 796]
Event: 20.728 Thread 0x000001980b790ed0 Exception <a 'java/io/FileNotFoundException'{0x0000000712523788}> (0x0000000712523788) 
thrown [s\src\hotspot\share\prims\jni.cpp, line 520]
Event: 20.735 Thread 0x000001980b790ed0 Exception <a 'java/io/FileNotFoundException'{0x000000071252d568}> (0x000000071252d568) 
thrown [s\src\hotspot\share\prims\jni.cpp, line 520]
Event: 20.745 Thread 0x000001980b790ed0 Exception <a 'java/io/FileNotFoundException'{0x0000000712544690}> (0x0000000712544690) 
thrown [s\src\hotspot\share\prims\jni.cpp, line 520]
Event: 20.758 Thread 0x000001980b790ed0 Exception <a 'java/io/FileNotFoundException'{0x00000007125525b8}> (0x00000007125525b8) 
thrown [s\src\hotspot\share\prims\jni.cpp, line 520]
Event: 20.761 Thread 0x000001980b790ed0 Exception <a 'java/io/FileNotFoundException'{0x000000071255fc10}> (0x000000071255fc10) 
thrown [s\src\hotspot\share\prims\jni.cpp, line 520]
Event: 20.764 Thread 0x000001980b790ed0 Exception <a 'java/io/FileNotFoundException'{0x000000071256a7c0}> (0x000000071256a7c0) 
thrown [s\src\hotspot\share\prims\jni.cpp, line 520]
Event: 22.690 Thread 0x000001980b790ed0 Exception <a 'java/io/FileNotFoundException'{0x00000007123dc300}> (0x00000007123dc300) 
thrown [s\src\hotspot\share\prims\jni.cpp, line 520]
Event: 22.711 Thread 0x000001980b790ed0 Exception <a 'java/io/FileNotFoundException'{0x00000007123ea248}> (0x00000007123ea248) 
thrown [s\src\hotspot\share\prims\jni.cpp, line 520]
Event: 22.714 Thread 0x000001980b790ed0 Exception <a 'java/io/FileNotFoundException'{0x00000007123f6208}> (0x00000007123f6208) 
thrown [s\src\hotspot\share\prims\jni.cpp, line 520]
Event: 22.717 Thread 0x000001980b790ed0 Exception <a 'java/io/FileNotFoundException'{0x000000071204bd30}> (0x000000071204bd30) 
thrown [s\src\hotspot\share\prims\jni.cpp, line 520]

VM Operations (20 events):
Event: 0.379 Executing VM operation: HandshakeAllThreads (Deoptimize) done
Event: 0.535 Executing VM operation: HandshakeAllThreads (Deoptimize)
Event: 0.535 Executing VM operation: HandshakeAllThreads (Deoptimize) done
Event: 0.582 Executing VM operation: G1CollectForAllocation (G1 Evacuation Pause)
Event: 0.585 Executing VM operation: G1CollectForAllocation (G1 Evacuation Pause) done
Event: 0.861 Executing VM operation: HandshakeAllThreads (Deoptimize)
Event: 0.861 Executing VM operation: HandshakeAllThreads (Deoptimize) done
Event: 0.861 Executing VM operation: HandshakeAllThreads (Deoptimize)
Event: 0.861 Executing VM operation: HandshakeAllThreads (Deoptimize) done
Event: 1.144 Executing VM operation: G1CollectForAllocation (G1 Evacuation Pause)
Event: 1.148 Executing VM operation: G1CollectForAllocation (G1 Evacuation Pause) done
Event: 1.206 Executing VM operation: HandshakeAllThreads (Deoptimize)
Event: 1.206 Executing VM operation: HandshakeAllThreads (Deoptimize) done
Event: 1.303 Executing VM operation: HandshakeAllThreads (Deoptimize)
Event: 1.303 Executing VM operation: HandshakeAllThreads (Deoptimize) done
Event: 18.423 Executing VM operation: HandshakeAllThreads (Deoptimize)
Event: 18.423 Executing VM operation: HandshakeAllThreads (Deoptimize) done
Event: 18.427 Executing VM operation: HandshakeAllThreads (Deoptimize)
Event: 18.427 Executing VM operation: HandshakeAllThreads (Deoptimize) done
Event: 23.488 Executing VM operation: Exit

Memory protections (0 events):
No events

Nmethod flushes (0 events):
No events

Events (20 events):
Event: 0.119 Thread 0x00000197c5f654c0 Thread added: 0x000001980b1f58e0
Event: 0.120 Thread 0x00000197c5f654c0 Thread added: 0x000001980b18cc10
Event: 0.171 Thread 0x00000197a8c61880 Thread added: 0x000001980bff9a30
Event: 0.326 Thread 0x00000197a8c61880 Thread added: 0x000001980bf45560
Event: 0.384 Thread 0x00000197a8c61880 Thread added: 0x000001980c7e8a60
Event: 0.388 Thread 0x00000197a8c61880 Thread added: 0x000001980b790ed0
Event: 0.499 Thread 0x00000197a8c61880 Thread added: 0x000001980caa4660
Event: 0.508 Thread 0x000001980cb20220 Thread added: 0x000001980cb20220
Event: 1.471 Thread 0x000001980b18cc10 Thread exited: 0x000001980b18cc10
Event: 2.412 Thread 0x000001980b1f58e0 Thread exited: 0x000001980b1f58e0
Event: 18.408 Thread 0x000001980b790ed0 Thread added: 0x00000198166bf2a0
Event: 18.430 Thread 0x00000197c5f654c0 Thread added: 0x0000019816416730
Event: 18.434 Thread 0x00000197c5f654c0 Thread added: 0x000001980bd58180
Event: 18.778 Thread 0x000001980bd58180 Thread exited: 0x000001980bd58180
Event: 18.779 Thread 0x0000019816416730 Thread exited: 0x0000019816416730
Event: 23.487 Thread 0x000001980b790ed0 Thread added: 0x00000198166bf930
Event: 23.487 Thread 0x000001980b790ed0 Thread added: 0x00000198166bffc0
Event: 23.487 Thread 0x00000198166bffc0 Thread exited: 0x00000198166bffc0
Event: 23.488 Thread 0x00000198166bf930 Thread exited: 0x00000198166bf930
Event: 23.488 Thread 0x000001980b790ed0 Before exit entered


Dynamic libraries:
0x00007ff7e17e0000 - 0x00007ff7e17ee000 	C:\Users\Gabin\.p2\pool\plugins\org.eclipse.justj.openjdk.hotspot.jre.full.win32.x86_64_23.0.2.v20250131-0604\jre\bin\javaw.exe
0x00007ffc10a00000 - 0x00007ffc10c60000 	C:\WINDOWS\SYSTEM32\ntdll.dll
0x00007ffc10740000 - 0x00007ffc10807000 	C:\WINDOWS\System32\KERNEL32.DLL
0x00007ffc0e430000 - 0x00007ffc0e7fb000 	C:\WINDOWS\System32\KERNELBASE.dll
0x00007ffc0dbe0000 - 0x00007ffc0dd2b000 	C:\WINDOWS\System32\ucrtbase.dll
0x00007ffbf9490000 - 0x00007ffbf94a7000 	C:\Users\Gabin\.p2\pool\plugins\org.eclipse.justj.openjdk.hotspot.jre.full.win32.x86_64_23.0.2.v20250131-0604\jre\bin\jli.dll
0x00007ffc10490000 - 0x00007ffc1065c000 	C:\WINDOWS\System32\USER32.dll
0x00007ffc0e020000 - 0x00007ffc0e047000 	C:\WINDOWS\System32\win32u.dll
0x00007ffc101a0000 - 0x00007ffc101ca000 	C:\WINDOWS\System32\GDI32.dll
0x00007ffc0e050000 - 0x00007ffc0e181000 	C:\WINDOWS\System32\gdi32full.dll
0x00007ffc0deb0000 - 0x00007ffc0df53000 	C:\WINDOWS\System32\msvcp_win.dll
0x00007ffbf96e0000 - 0x00007ffbf9977000 	C:\WINDOWS\WinSxS\amd64_microsoft.windows.common-controls_6595b64144ccf1df_6.0.26100.3624_none_3e086962e3345f24\COMCTL32.dll
0x00007ffc0f3c0000 - 0x00007ffc0f469000 	C:\WINDOWS\System32\msvcrt.dll
0x00007ffbf7e10000 - 0x00007ffbf7e2e000 	C:\Users\Gabin\.p2\pool\plugins\org.eclipse.justj.openjdk.hotspot.jre.full.win32.x86_64_23.0.2.v20250131-0604\jre\bin\VCRUNTIME140.dll
0x00007ffc0efc0000 - 0x00007ffc0efef000 	C:\WINDOWS\System32\IMM32.DLL
0x00007ffc03640000 - 0x00007ffc0364c000 	C:\Users\Gabin\.p2\pool\plugins\org.eclipse.justj.openjdk.hotspot.jre.full.win32.x86_64_23.0.2.v20250131-0604\jre\bin\vcruntime140_1.dll
0x00007ffbddf60000 - 0x00007ffbddfed000 	C:\Users\Gabin\.p2\pool\plugins\org.eclipse.justj.openjdk.hotspot.jre.full.win32.x86_64_23.0.2.v20250131-0604\jre\bin\msvcp140.dll
0x00007ffb8b460000 - 0x00007ffb8c22e000 	C:\Users\Gabin\.p2\pool\plugins\org.eclipse.justj.openjdk.hotspot.jre.full.win32.x86_64_23.0.2.v20250131-0604\jre\bin\server\jvm.dll
0x00007ffc0e920000 - 0x00007ffc0e9d3000 	C:\WINDOWS\System32\ADVAPI32.dll
0x00007ffc0f6b0000 - 0x00007ffc0f756000 	C:\WINDOWS\System32\sechost.dll
0x00007ffc0e800000 - 0x00007ffc0e916000 	C:\WINDOWS\System32\RPCRT4.dll
0x00007ffc101d0000 - 0x00007ffc10244000 	C:\WINDOWS\System32\WS2_32.dll
0x00007ffc0da60000 - 0x00007ffc0dabe000 	C:\WINDOWS\SYSTEM32\POWRPROF.dll
0x00007ffbf4cf0000 - 0x00007ffbf4cfb000 	C:\WINDOWS\SYSTEM32\VERSION.dll
0x00007ffc03850000 - 0x00007ffc03886000 	C:\WINDOWS\SYSTEM32\WINMM.dll
0x00007ffc0da40000 - 0x00007ffc0da54000 	C:\WINDOWS\SYSTEM32\UMPDC.dll
0x00007ffc0c9b0000 - 0x00007ffc0c9ca000 	C:\WINDOWS\SYSTEM32\kernel.appcore.dll
0x00007ffc0a510000 - 0x00007ffc0a51a000 	C:\Users\Gabin\.p2\pool\plugins\org.eclipse.justj.openjdk.hotspot.jre.full.win32.x86_64_23.0.2.v20250131-0604\jre\bin\jimage.dll
0x00007ffc0b2e0000 - 0x00007ffc0b521000 	C:\WINDOWS\SYSTEM32\DBGHELP.DLL
0x00007ffc0f030000 - 0x00007ffc0f3b3000 	C:\WINDOWS\System32\combase.dll
0x00007ffc10660000 - 0x00007ffc10736000 	C:\WINDOWS\System32\OLEAUT32.dll
0x00007ffbfc320000 - 0x00007ffbfc359000 	C:\WINDOWS\SYSTEM32\dbgcore.DLL
0x00007ffc0e390000 - 0x00007ffc0e429000 	C:\WINDOWS\System32\bcryptPrimitives.dll
0x00007ffc05fb0000 - 0x00007ffc05fce000 	C:\Users\Gabin\.p2\pool\plugins\org.eclipse.justj.openjdk.hotspot.jre.full.win32.x86_64_23.0.2.v20250131-0604\jre\bin\java.dll
0x00007ffc0f760000 - 0x00007ffc0f8f6000 	C:\WINDOWS\System32\ole32.dll
0x00007ffc0f900000 - 0x00007ffc10029000 	C:\WINDOWS\System32\SHELL32.dll
0x00007ffc0e220000 - 0x00007ffc0e388000 	C:\WINDOWS\System32\wintypes.dll
0x00007ffc0b840000 - 0x00007ffc0c092000 	C:\WINDOWS\SYSTEM32\windows.storage.dll
0x00007ffc10030000 - 0x00007ffc1011d000 	C:\WINDOWS\System32\SHCORE.dll
0x00007ffc10120000 - 0x00007ffc10184000 	C:\WINDOWS\System32\shlwapi.dll
0x00007ffc0daf0000 - 0x00007ffc0db1f000 	C:\WINDOWS\SYSTEM32\profapi.dll
0x00007ffc0a520000 - 0x00007ffc0a530000 	C:\Users\Gabin\.p2\pool\plugins\org.eclipse.justj.openjdk.hotspot.jre.full.win32.x86_64_23.0.2.v20250131-0604\jre\bin\net.dll
0x00007ffc0ceb0000 - 0x00007ffc0cf1a000 	C:\WINDOWS\system32\mswsock.dll
0x00007ffbfe140000 - 0x00007ffbfe156000 	C:\Users\Gabin\.p2\pool\plugins\org.eclipse.justj.openjdk.hotspot.jre.full.win32.x86_64_23.0.2.v20250131-0604\jre\bin\nio.dll
0x00007ffc05f90000 - 0x00007ffc05fa7000 	C:\Users\Gabin\.p2\pool\plugins\org.eclipse.justj.openjdk.hotspot.jre.full.win32.x86_64_23.0.2.v20250131-0604\jre\bin\zip.dll
0x00000197a8f40000 - 0x00000197a8f43000 	C:\Users\Gabin\Downloads\openjfx-23.0.2_windows-x64_bin-sdk\javafx-sdk-23.0.2\bin\api-ms-win-core-console-l1-1-0.dll
0x00000197a8f50000 - 0x00000197a8f53000 	C:\Users\Gabin\Downloads\openjfx-23.0.2_windows-x64_bin-sdk\javafx-sdk-23.0.2\bin\api-ms-win-core-console-l1-2-0.dll
0x00000197a8f60000 - 0x00000197a8f63000 	C:\Users\Gabin\Downloads\openjfx-23.0.2_windows-x64_bin-sdk\javafx-sdk-23.0.2\bin\api-ms-win-core-datetime-l1-1-0.dll
0x00000197a8f70000 - 0x00000197a8f73000 	C:\Users\Gabin\Downloads\openjfx-23.0.2_windows-x64_bin-sdk\javafx-sdk-23.0.2\bin\api-ms-win-core-debug-l1-1-0.dll
0x00000197a8f80000 - 0x00000197a8f83000 	C:\Users\Gabin\Downloads\openjfx-23.0.2_windows-x64_bin-sdk\javafx-sdk-23.0.2\bin\api-ms-win-core-errorhandling-l1-1-0.dll
0x00000197a8f90000 - 0x00000197a8f94000 	C:\Users\Gabin\Downloads\openjfx-23.0.2_windows-x64_bin-sdk\javafx-sdk-23.0.2\bin\api-ms-win-core-file-l1-1-0.dll
0x00000197aa7e0000 - 0x00000197aa7e3000 	C:\Users\Gabin\Downloads\openjfx-23.0.2_windows-x64_bin-sdk\javafx-sdk-23.0.2\bin\api-ms-win-core-file-l1-2-0.dll
0x00000197aa7f0000 - 0x00000197aa7f3000 	C:\Users\Gabin\Downloads\openjfx-23.0.2_windows-x64_bin-sdk\javafx-sdk-23.0.2\bin\api-ms-win-core-file-l2-1-0.dll
0x00000197aa800000 - 0x00000197aa803000 	C:\Users\Gabin\Downloads\openjfx-23.0.2_windows-x64_bin-sdk\javafx-sdk-23.0.2\bin\api-ms-win-core-handle-l1-1-0.dll
0x00000197aa810000 - 0x00000197aa813000 	C:\Users\Gabin\Downloads\openjfx-23.0.2_windows-x64_bin-sdk\javafx-sdk-23.0.2\bin\api-ms-win-core-heap-l1-1-0.dll
0x00000197aa820000 - 0x00000197aa823000 	C:\Users\Gabin\Downloads\openjfx-23.0.2_windows-x64_bin-sdk\javafx-sdk-23.0.2\bin\api-ms-win-core-interlocked-l1-1-0.dll
0x00000197ab0b0000 - 0x00000197ab0b3000 	C:\Users\Gabin\Downloads\openjfx-23.0.2_windows-x64_bin-sdk\javafx-sdk-23.0.2\bin\api-ms-win-core-libraryloader-l1-1-0.dll
0x00000197ab0c0000 - 0x00000197ab0c3000 	C:\Users\Gabin\Downloads\openjfx-23.0.2_windows-x64_bin-sdk\javafx-sdk-23.0.2\bin\api-ms-win-core-localization-l1-2-0.dll
0x00000197ab0d0000 - 0x00000197ab0d3000 	C:\Users\Gabin\Downloads\openjfx-23.0.2_windows-x64_bin-sdk\javafx-sdk-23.0.2\bin\api-ms-win-core-memory-l1-1-0.dll
0x00000197ab0e0000 - 0x00000197ab0e3000 	C:\Users\Gabin\Downloads\openjfx-23.0.2_windows-x64_bin-sdk\javafx-sdk-23.0.2\bin\api-ms-win-core-namedpipe-l1-1-0.dll
0x00000197ab0f0000 - 0x00000197ab0f3000 	C:\Users\Gabin\Downloads\openjfx-23.0.2_windows-x64_bin-sdk\javafx-sdk-23.0.2\bin\api-ms-win-core-processenvironment-l1-1-0.dll
0x00000197ab100000 - 0x00000197ab103000 	C:\Users\Gabin\Downloads\openjfx-23.0.2_windows-x64_bin-sdk\javafx-sdk-23.0.2\bin\api-ms-win-core-processthreads-l1-1-0.dll
0x00000197ab110000 - 0x00000197ab113000 	C:\Users\Gabin\Downloads\openjfx-23.0.2_windows-x64_bin-sdk\javafx-sdk-23.0.2\bin\api-ms-win-core-processthreads-l1-1-1.dll
0x00000197ab120000 - 0x00000197ab123000 	C:\Users\Gabin\Downloads\openjfx-23.0.2_windows-x64_bin-sdk\javafx-sdk-23.0.2\bin\api-ms-win-core-profile-l1-1-0.dll
0x00000197ab130000 - 0x00000197ab133000 	C:\Users\Gabin\Downloads\openjfx-23.0.2_windows-x64_bin-sdk\javafx-sdk-23.0.2\bin\api-ms-win-core-rtlsupport-l1-1-0.dll
0x00000197ab140000 - 0x00000197ab143000 	C:\Users\Gabin\Downloads\openjfx-23.0.2_windows-x64_bin-sdk\javafx-sdk-23.0.2\bin\api-ms-win-core-string-l1-1-0.dll
0x00000197ab150000 - 0x00000197ab153000 	C:\Users\Gabin\Downloads\openjfx-23.0.2_windows-x64_bin-sdk\javafx-sdk-23.0.2\bin\api-ms-win-core-synch-l1-1-0.dll
0x00000197ab160000 - 0x00000197ab163000 	C:\Users\Gabin\Downloads\openjfx-23.0.2_windows-x64_bin-sdk\javafx-sdk-23.0.2\bin\api-ms-win-core-synch-l1-2-0.dll
0x00000197ab170000 - 0x00000197ab173000 	C:\Users\Gabin\Downloads\openjfx-23.0.2_windows-x64_bin-sdk\javafx-sdk-23.0.2\bin\api-ms-win-core-sysinfo-l1-1-0.dll
0x00000197c5f80000 - 0x00000197c5f83000 	C:\Users\Gabin\Downloads\openjfx-23.0.2_windows-x64_bin-sdk\javafx-sdk-23.0.2\bin\api-ms-win-core-timezone-l1-1-0.dll
0x00000197c5f90000 - 0x00000197c5f93000 	C:\Users\Gabin\Downloads\openjfx-23.0.2_windows-x64_bin-sdk\javafx-sdk-23.0.2\bin\api-ms-win-core-util-l1-1-0.dll
0x00000197c5fa0000 - 0x00000197c5fa3000 	C:\Users\Gabin\Downloads\openjfx-23.0.2_windows-x64_bin-sdk\javafx-sdk-23.0.2\bin\api-ms-win-crt-conio-l1-1-0.dll
0x00000197c5fb0000 - 0x00000197c5fb4000 	C:\Users\Gabin\Downloads\openjfx-23.0.2_windows-x64_bin-sdk\javafx-sdk-23.0.2\bin\api-ms-win-crt-convert-l1-1-0.dll
0x00000197c5fc0000 - 0x00000197c5fc3000 	C:\Users\Gabin\Downloads\openjfx-23.0.2_windows-x64_bin-sdk\javafx-sdk-23.0.2\bin\api-ms-win-crt-environment-l1-1-0.dll
0x00000197c5fd0000 - 0x00000197c5fd3000 	C:\Users\Gabin\Downloads\openjfx-23.0.2_windows-x64_bin-sdk\javafx-sdk-23.0.2\bin\api-ms-win-crt-filesystem-l1-1-0.dll
0x00000197c5fe0000 - 0x00000197c5fe3000 	C:\Users\Gabin\Downloads\openjfx-23.0.2_windows-x64_bin-sdk\javafx-sdk-23.0.2\bin\api-ms-win-crt-heap-l1-1-0.dll
0x00000197c5ff0000 - 0x00000197c5ff3000 	C:\Users\Gabin\Downloads\openjfx-23.0.2_windows-x64_bin-sdk\javafx-sdk-23.0.2\bin\api-ms-win-crt-locale-l1-1-0.dll
0x000001980cd50000 - 0x000001980cd55000 	C:\Users\Gabin\Downloads\openjfx-23.0.2_windows-x64_bin-sdk\javafx-sdk-23.0.2\bin\api-ms-win-crt-math-l1-1-0.dll
0x000001980cd60000 - 0x000001980cd65000 	C:\Users\Gabin\Downloads\openjfx-23.0.2_windows-x64_bin-sdk\javafx-sdk-23.0.2\bin\api-ms-win-crt-multibyte-l1-1-0.dll
0x000001980cd70000 - 0x000001980cd80000 	C:\Users\Gabin\Downloads\openjfx-23.0.2_windows-x64_bin-sdk\javafx-sdk-23.0.2\bin\api-ms-win-crt-private-l1-1-0.dll
0x000001980cd80000 - 0x000001980cd83000 	C:\Users\Gabin\Downloads\openjfx-23.0.2_windows-x64_bin-sdk\javafx-sdk-23.0.2\bin\api-ms-win-crt-process-l1-1-0.dll
0x000001980cd90000 - 0x000001980cd94000 	C:\Users\Gabin\Downloads\openjfx-23.0.2_windows-x64_bin-sdk\javafx-sdk-23.0.2\bin\api-ms-win-crt-runtime-l1-1-0.dll
0x000001980cda0000 - 0x000001980cda4000 	C:\Users\Gabin\Downloads\openjfx-23.0.2_windows-x64_bin-sdk\javafx-sdk-23.0.2\bin\api-ms-win-crt-stdio-l1-1-0.dll
0x000001980cdb0000 - 0x000001980cdb4000 	C:\Users\Gabin\Downloads\openjfx-23.0.2_windows-x64_bin-sdk\javafx-sdk-23.0.2\bin\api-ms-win-crt-string-l1-1-0.dll
0x000001980cdc0000 - 0x000001980cdc3000 	C:\Users\Gabin\Downloads\openjfx-23.0.2_windows-x64_bin-sdk\javafx-sdk-23.0.2\bin\api-ms-win-crt-time-l1-1-0.dll
0x000001980cdd0000 - 0x000001980cdd3000 	C:\Users\Gabin\Downloads\openjfx-23.0.2_windows-x64_bin-sdk\javafx-sdk-23.0.2\bin\api-ms-win-crt-utility-l1-1-0.dll
0x00007ffbd44e0000 - 0x00007ffbd45dc000 	C:\Users\Gabin\Downloads\openjfx-23.0.2_windows-x64_bin-sdk\javafx-sdk-23.0.2\bin\ucrtbase.dll
0x00007ffbf7730000 - 0x00007ffbf774b000 	C:\Users\Gabin\Downloads\openjfx-23.0.2_windows-x64_bin-sdk\javafx-sdk-23.0.2\bin\vcruntime140.dll
0x00007ffbf94f0000 - 0x00007ffbf94fc000 	C:\Users\Gabin\Downloads\openjfx-23.0.2_windows-x64_bin-sdk\javafx-sdk-23.0.2\bin\vcruntime140_1.dll
0x00007ffbdded0000 - 0x00007ffbddf5e000 	C:\Users\Gabin\Downloads\openjfx-23.0.2_windows-x64_bin-sdk\javafx-sdk-23.0.2\bin\msvcp140.dll
0x00007ffbf7e00000 - 0x00007ffbf7e09000 	C:\Users\Gabin\Downloads\openjfx-23.0.2_windows-x64_bin-sdk\javafx-sdk-23.0.2\bin\msvcp140_1.dll
0x00007ffbf4bb0000 - 0x00007ffbf4bf1000 	C:\Users\Gabin\Downloads\openjfx-23.0.2_windows-x64_bin-sdk\javafx-sdk-23.0.2\bin\msvcp140_2.dll
0x00007ffbf5470000 - 0x00007ffbf54a0000 	C:\Users\Gabin\Downloads\openjfx-23.0.2_windows-x64_bin-sdk\javafx-sdk-23.0.2\bin\prism_d3d.dll
0x00007ffbc49f0000 - 0x00007ffbc4b9c000 	C:\WINDOWS\system32\d3d9.dll
0x00007ffc0ac80000 - 0x00007ffc0acb5000 	C:\WINDOWS\SYSTEM32\dwmapi.dll
0x00007ffc0aab0000 - 0x00007ffc0aaf7000 	C:\WINDOWS\SYSTEM32\dxcore.dll
0x00007ffc0a910000 - 0x00007ffc0a9be000 	C:\WINDOWS\system32\uxtheme.dll
0x00007ffbc4770000 - 0x00007ffbc49e3000 	C:\WINDOWS\System32\DriverStore\FileRepository\iigd_dch.inf_amd64_912569d1fedfaffd\igdumdim64.dll
0x00007ffbc1f00000 - 0x00007ffbc3436000 	C:\WINDOWS\System32\DriverStore\FileRepository\iigd_dch.inf_amd64_912569d1fedfaffd\igd9trinity64.dll
0x00007ffc0ab20000 - 0x00007ffc0ac4e000 	C:\WINDOWS\system32\dxgi.dll
0x00007ffc0aa40000 - 0x00007ffc0aa9e000 	C:\WINDOWS\SYSTEM32\directxdatabasehelper.dll
0x00007ffc0d720000 - 0x00007ffc0d77f000 	C:\WINDOWS\SYSTEM32\cfgmgr32.dll
0x00007ffc03070000 - 0x00007ffc034b0000 	C:\WINDOWS\System32\DriverStore\FileRepository\iigd_dch.inf_amd64_912569d1fedfaffd\igdgmm64.dll
0x00007ffc034e0000 - 0x00007ffc03506000 	C:\WINDOWS\System32\DriverStore\FileRepository\iigd_dch.inf_amd64_912569d1fedfaffd\igc64.dll
0x00007ffbd6f50000 - 0x00007ffbd6f9d000 	C:\WINDOWS\SYSTEM32\ControlLib.dll
0x00007ffc036e0000 - 0x00007ffc0377c000 	C:\WINDOWS\System32\DriverStore\FileRepository\iigd_dch.inf_amd64_912569d1fedfaffd\IntelControlLib.dll
0x00007ffbbdf70000 - 0x00007ffbbf498000 	C:\WINDOWS\System32\DriverStore\FileRepository\iigd_dch.inf_amd64_912569d1fedfaffd\igd9dxva64.dll
0x00007ffc0ea70000 - 0x00007ffc0eef6000 	C:\WINDOWS\System32\SETUPAPI.dll
0x00007ffbbc240000 - 0x00007ffbbdf6e000 	C:\WINDOWS\System32\DriverStore\FileRepository\iigd_dch.inf_amd64_912569d1fedfaffd\media_bin_64.dll
0x00007ffbf2650000 - 0x00007ffbf2695000 	C:\Users\Gabin\Downloads\openjfx-23.0.2_windows-x64_bin-sdk\javafx-sdk-23.0.2\bin\glass.dll
0x00007ffc10810000 - 0x00007ffc10904000 	C:\WINDOWS\System32\COMDLG32.dll
0x00007ffc0f4f0000 - 0x00007ffc0f64d000 	C:\WINDOWS\System32\MSCTF.dll
0x00007ffbfeb60000 - 0x00007ffc02a69000 	C:\WINDOWS\System32\DriverStore\FileRepository\iigd_dch.inf_amd64_912569d1fedfaffd\igc1464.dll
0x00007ffbc34d0000 - 0x00007ffbc3619000 	C:\WINDOWS\System32\DriverStore\FileRepository\iigd_dch.inf_amd64_912569d1fedfaffd\igdml64.dll
0x00007ffbc64b0000 - 0x00007ffbc64d9000 	C:\WINDOWS\System32\DriverStore\FileRepository\iigd_dch.inf_amd64_912569d1fedfaffd\igdinfo64.dll
0x00007ffc0d260000 - 0x00007ffc0d27c000 	C:\WINDOWS\SYSTEM32\CRYPTSP.dll
0x00007ffc0c910000 - 0x00007ffc0c94a000 	C:\WINDOWS\system32\rsaenh.dll
0x00007ffc0d0e0000 - 0x00007ffc0d0ec000 	C:\WINDOWS\SYSTEM32\CRYPTBASE.dll
0x00007ffc0d3f0000 - 0x00007ffc0d416000 	C:\WINDOWS\SYSTEM32\bcrypt.dll
0x00007ffc0ef10000 - 0x00007ffc0efb8000 	C:\WINDOWS\System32\clbcatq.dll
0x00007ffbfb360000 - 0x00007ffbfb4b6000 	C:\Windows\System32\Windows.UI.dll
0x00007ffbe4690000 - 0x00007ffbe47dc000 	C:\Windows\System32\Windows.UI.Immersive.dll
0x00007ffbe25f0000 - 0x00007ffbe261d000 	C:\Users\Gabin\Downloads\openjfx-23.0.2_windows-x64_bin-sdk\javafx-sdk-23.0.2\bin\javafx_iio.dll
0x00007ffbfdbe0000 - 0x00007ffbfdbf5000 	C:\Users\Gabin\Downloads\openjfx-23.0.2_windows-x64_bin-sdk\javafx-sdk-23.0.2\bin\javafx_font.dll
0x00007ffc08ff0000 - 0x00007ffc09259000 	C:\WINDOWS\SYSTEM32\dwrite.dll
0x00007ffc08830000 - 0x00007ffc08a5e000 	C:\WINDOWS\SYSTEM32\WindowsCodecs.dll
0x00007ffbf4c90000 - 0x00007ffbf4cea000 	C:\WINDOWS\system32\dataexchange.dll
0x00007ffbfd310000 - 0x00007ffbfd54b000 	C:\WINDOWS\system32\twinapi.appcore.dll

dbghelp: loaded successfully - version: 4.0.5 - missing functions: none
symbol engine: initialized successfully - sym options: 0x614 - pdb path: .;C:\Users\Gabin\.p2\pool\plugins\org.eclipse.justj.openjdk.hotspot.jre.full.win32.x86_64_23.0.2.v20250131-0604\jre\bin;C:\WINDOWS\SYSTEM32;C:\WINDOWS\WinSxS\amd64_microsoft.windows.common-controls_6595b64144ccf1df_6.0.26100.3624_none_3e086962e3345f24;C:\Users\Gabin\.p2\pool\plugins\org.eclipse.justj.openjdk.hotspot.jre.full.win32.x86_64_23.0.2.v20250131-0604\jre\bin\server;C:\Users\Gabin\Downloads\openjfx-23.0.2_windows-x64_bin-sdk\javafx-sdk-23.0.2\bin;C:\WINDOWS\System32\DriverStore\FileRepository\iigd_dch.inf_amd64_912569d1fedfaffd;C:\Program Files\Common Files\Microsoft Shared\Ink

VM Arguments:
jvm_args: --module-path=C:\Users\Gabin\Downloads\openjfx-23.0.2_windows-x64_bin-sdk\javafx-sdk-23.0.2\lib --add-modules=javafx.controls,javafx.fxml -Dfile.encoding=UTF-8 -Dstdout.encoding=UTF-8 -Dstderr.encoding=UTF-8 -XX:+ShowCodeDetailsInExceptionMessages 
java_command: application.Main
java_class_path (initial): C:\Users\Gabin\OneDrive - Haute Ecole Louvain en Hainaut\Documents\bac2\Q2\Projet\TTMC_Gabin\TTMC\SpongeBob\bin;C:\Users\Gabin\.p2\pool\plugins\org.eclipse.fx.ide.css.jfx8_3.8.0.202204150904.jar;C:\Users\Gabin\Downloads\openjfx-23.0.2_windows-x64_bin-sdk\javafx-sdk-23.0.2\lib\javafx.fxml.jar;C:\Users\Gabin\Downloads\openjfx-23.0.2_windows-x64_bin-sdk\javafx-sdk-23.0.2\lib\javafx.graphics.jar;C:\Users\Gabin\Downloads\openjfx-23.0.2_windows-x64_bin-sdk\javafx-sdk-23.0.2\lib\javafx.media.jar;C:\Users\Gabin\Downloads\openjfx-23.0.2_windows-x64_bin-sdk\javafx-sdk-23.0.2\lib\javafx.swing.jar;C:\Users\Gabin\Downloads\openjfx-23.0.2_windows-x64_bin-sdk\javafx-sdk-23.0.2\lib\javafx.web.jar;C:\Users\Gabin\Downloads\openjfx-23.0.2_windows-x64_bin-sdk\javafx-sdk-23.0.2\lib\javafx.base.jar;C:\Users\Gabin\Downloads\openjfx-23.0.2_windows-x64_bin-sdk\javafx-sdk-23.0.2\lib\javafx.controls.jar;C:\Users\Gabin\Downloads\openjfx-23.0.2_windows-x64_bin-sdk\javafx-sdk-23.0.2\lib\javafx-swt.jar
Launcher Type: SUN_STANDARD

[Global flags]
     intx CICompilerCount                          = 4                                         {product} {ergonomic}
     uint ConcGCThreads                            = 3                                         {product} {ergonomic}
     uint G1ConcRefinementThreads                  = 10                                        {product} {ergonomic}
   size_t G1HeapRegionSize                         = 2097152                                   {product} {ergonomic}
   size_t InitialHeapSize                          = 264241152                                 {product} {ergonomic}
   size_t MarkStackSize                            = 4194304                                   {product} {ergonomic}
   size_t MarkStackSizeMax                         = 536870912                                 {product} {ergonomic}
   size_t MaxHeapSize                              = 4215275520                                {product} {ergonomic}
   size_t MaxNewSize                               = 2529165312                                {product} {ergonomic}
   size_t MinHeapDeltaBytes                        = 2097152                                   {product} {ergonomic}
   size_t MinHeapSize                              = 8388608                                   {product} {ergonomic}
    uintx NonNMethodCodeHeapSize                   = 5832704                                {pd product} {ergonomic}
    uintx NonProfiledCodeHeapSize                  = 122945536                              {pd product} {ergonomic}
    uintx ProfiledCodeHeapSize                     = 122880000                              {pd product} {ergonomic}
    uintx ReservedCodeCacheSize                    = 251658240                              {pd product} {ergonomic}
     bool SegmentedCodeCache                       = true                                      {product} {ergonomic}
     bool ShowCodeDetailsInExceptionMessages       = true                                   {manageable} {command line}
   size_t SoftMaxHeapSize                          = 4215275520                             {manageable} {ergonomic}
     bool UseCompressedOops                        = true                           {product lp64_product} {ergonomic}
     bool UseG1GC                                  = true                                      {product} {ergonomic}
     bool UseLargePagesIndividualAllocation        = false                                  {pd product} {ergonomic}

Logging:
Log output configuration:
 #0: stdout all=off uptime,level,tags foldmultilines=false
 #1: stderr all=off uptime,level,tags foldmultilines=false

Environment Variables:
PATH=C:/Users/Gabin/.p2/pool/plugins/org.eclipse.justj.openjdk.hotspot.jre.full.win32.x86_64_23.0.2.v20250131-0604/jre/bin/server;C:/Users/Gabin/.p2/pool/plugins/org.eclipse.justj.openjdk.hotspot.jre.full.win32.x86_64_23.0.2.v20250131-0604/jre/bin;C:\Program Files\Common Files\Oracle\Java\javapath;C:\WINDOWS\system32;C:\WINDOWS;C:\WINDOWS\System32\Wbem;C:\WINDOWS\System32\WindowsPowerShell\v1.0\;C:\WINDOWS\System32\OpenSSH\;C:\Program Files\dotnet\;C:\Users\Gabin\AppData\Local\Microsoft\WindowsApps\python.exe;C:\Program Files\Git\cmd;C:\Users\Gabin\AppData\Local\Microsoft\WindowsApps;C:\Users\Gabin\AppData\Local\Programs\Microsoft VS Code\bin;;C:\WINDOWS\System32;
USERNAME=Gabin
OS=Windows_NT
PROCESSOR_IDENTIFIER=Intel64 Family 6 Model 186 Stepping 3, GenuineIntel
TMP=C:\Users\Gabin\AppData\Local\Temp
TEMP=C:\Users\Gabin\AppData\Local\Temp




Periodic native trim disabled

---------------  S Y S T E M  ---------------

OS:
 Windows 11 , 64 bit Build 26100 (10.0.26100.3624)
OS uptime: 0 days 23:22 hours
Hyper-V role detected

CPU: total 12 (initial active 12) (6 cores per cpu, 2 threads per core) family 6 model 186 stepping 3 microcode 0x4123, cx8, cmov, fxsr, ht, mmx, 3dnowpref, sse, sse2, sse3, ssse3, sse4.1, sse4.2, popcnt, lzcnt, tsc, tscinvbit, avx, avx2, aes, erms, clmul, bmi1, bmi2, adx, sha, fma, vzeroupper, clflush, clflushopt, clwb, hv, serialize, rdtscp, rdpid, fsrm, gfni, f16c, cet_ibt, cet_ss
Processor Information for processor 0
  Max Mhz: 1700, Current Mhz: 1133, Mhz Limit: 1122
Processor Information for processor 1
  Max Mhz: 1700, Current Mhz: 1133, Mhz Limit: 1122
Processor Information for processor 2
  Max Mhz: 1700, Current Mhz: 1133, Mhz Limit: 1122
Processor Information for processor 3
  Max Mhz: 1700, Current Mhz: 1133, Mhz Limit: 1122
Processor Information for processor 4
  Max Mhz: 1700, Current Mhz: 1700, Mhz Limit: 1700
Processor Information for processor 5
  Max Mhz: 1700, Current Mhz: 1700, Mhz Limit: 1700
Processor Information for processor 6
  Max Mhz: 1700, Current Mhz: 1700, Mhz Limit: 1700
Processor Information for processor 7
  Max Mhz: 1700, Current Mhz: 1700, Mhz Limit: 1700
Processor Information for processor 8
  Max Mhz: 1700, Current Mhz: 1700, Mhz Limit: 1700
Processor Information for processor 9
  Max Mhz: 1700, Current Mhz: 1700, Mhz Limit: 1700
Processor Information for processor 10
  Max Mhz: 1700, Current Mhz: 1700, Mhz Limit: 1700
Processor Information for processor 11
  Max Mhz: 1700, Current Mhz: 1700, Mhz Limit: 1700

Memory: 4k page, system-wide physical 16075M (3813M free)
TotalPageFile size 21461M (AvailPageFile size 815M)
current process WorkingSet (physical memory assigned to process): 576M, peak: 576M
current process commit charge ("private bytes"): 785M, peak: 785M

vm_info: OpenJDK 64-Bit Server VM (23.0.2+7) for windows-amd64 JRE (23.0.2+7), built on 2025-01-21T00:00:00Z with MS VC++ 17.7 (VS2022)

END.
